Using pre-set license
Built from '2022.1/staging' branch; Version is '2022.1.20f1 (01d83b40d570) revision 120891'; Using compiler version '192829333'; Build Type 'Release'
OS: 'Windows 11  (10.0.22621) 64bit Core' Language: 'en' Physical Memory: 32675 MB
BatchMode: 1, IsHumanControllingUs: 0, StartBugReporterOnCrash: 0, Is64bit: 1, IsPro: 1

COMMAND LINE ARGUMENTS:
C:\Users\Melia\Desktop\2022.1.20f1\Editor\Unity.exe
-adb2
-batchMode
-noUpm
-name
AssetImportWorker0
-projectPath
C:/Users/Melia/Gitrepo/GroupGame/GroupGame
-logFile
Logs/AssetImportWorker0.log
-srvPort
61803
Successfully changed project path to: C:/Users/Melia/Gitrepo/GroupGame/GroupGame
C:/Users/Melia/Gitrepo/GroupGame/GroupGame
[UnityMemory] Configuration Parameters - Can be set up in boot.config
    "memorysetup-bucket-allocator-granularity=16"
    "memorysetup-bucket-allocator-bucket-count=8"
    "memorysetup-bucket-allocator-block-size=33554432"
    "memorysetup-bucket-allocator-block-count=8"
    "memorysetup-main-allocator-block-size=16777216"
    "memorysetup-thread-allocator-block-size=16777216"
    "memorysetup-gfx-main-allocator-block-size=16777216"
    "memorysetup-gfx-thread-allocator-block-size=16777216"
    "memorysetup-cache-allocator-block-size=4194304"
    "memorysetup-typetree-allocator-block-size=2097152"
    "memorysetup-profiler-bucket-allocator-granularity=16"
    "memorysetup-profiler-bucket-allocator-bucket-count=8"
    "memorysetup-profiler-bucket-allocator-block-size=33554432"
    "memorysetup-profiler-bucket-allocator-block-count=8"
    "memorysetup-profiler-allocator-block-size=16777216"
    "memorysetup-profiler-editor-allocator-block-size=1048576"
    "memorysetup-temp-allocator-size-main=16777216"
    "memorysetup-job-temp-allocator-block-size=2097152"
    "memorysetup-job-temp-allocator-block-size-background=1048576"
    "memorysetup-job-temp-allocator-reduction-small-platforms=262144"
    "memorysetup-temp-allocator-size-background-worker=32768"
    "memorysetup-temp-allocator-size-job-worker=262144"
    "memorysetup-temp-allocator-size-preload-manager=33554432"
    "memorysetup-temp-allocator-size-nav-mesh-worker=65536"
    "memorysetup-temp-allocator-size-audio-worker=65536"
    "memorysetup-temp-allocator-size-cloud-worker=32768"
    "memorysetup-temp-allocator-size-gi-baking-worker=262144"
    "memorysetup-temp-allocator-size-gfx=262144"
Refreshing native plugins compatible for Editor in 94.38 ms, found 3 plugins.
Preloading 0 native plugins for Editor in 0.00 ms.
Initialize engine version: 2022.1.20f1 (01d83b40d570)
[Subsystems] Discovering subsystems at path C:/Users/Melia/Desktop/2022.1.20f1/Editor/Data/Resources/UnitySubsystems
[Subsystems] Discovering subsystems at path C:/Users/Melia/Gitrepo/GroupGame/GroupGame/Assets
GfxDevice: creating device client; threaded=0; jobified=0
Direct3D:
    Version:  Direct3D 11.0 [level 11.1]
    Renderer: NVIDIA GeForce GTX 1660 Ti (ID=0x2191)
    Vendor:   NVIDIA
    VRAM:     5991 MB
    Driver:   31.0.15.1700
Initialize mono
Mono path[0] = 'C:/Users/Melia/Desktop/2022.1.20f1/Editor/Data/Managed'
Mono path[1] = 'C:/Users/Melia/Desktop/2022.1.20f1/Editor/Data/MonoBleedingEdge/lib/mono/unityjit-win32'
Mono config path = 'C:/Users/Melia/Desktop/2022.1.20f1/Editor/Data/MonoBleedingEdge/etc'
Using monoOptions --debugger-agent=transport=dt_socket,embedding=1,server=y,suspend=n,address=127.0.0.1:56168
Begin MonoManager ReloadAssembly
Registering precompiled unity dll's ...
Register platform support module: C:/Users/Melia/Desktop/2022.1.20f1/Editor/Data/PlaybackEngines/AndroidPlayer/UnityEditor.Android.Extensions.dll
Register platform support module: C:/Users/Melia/Desktop/2022.1.20f1/Editor/Data/PlaybackEngines/WindowsStandaloneSupport/UnityEditor.WindowsStandalone.Extensions.dll
Registered in 0.005894 seconds.
Native extension for WindowsStandalone target not found
Native extension for Android target not found
Refreshing native plugins compatible for Editor in 91.42 ms, found 3 plugins.
Preloading 0 native plugins for Editor in 0.00 ms.
Mono: successfully reloaded assembly
- Completed reload, in  0.792 seconds
Domain Reload Profiling:
	ReloadAssembly (792ms)
		BeginReloadAssembly (83ms)
			ExecutionOrderSort (0ms)
			DisableScriptedObjects (0ms)
			BackupInstance (0ms)
			ReleaseScriptingObjects (0ms)
			CreateAndSetChildDomain (1ms)
		EndReloadAssembly (588ms)
			LoadAssemblies (81ms)
			RebuildTransferFunctionScriptingTraits (0ms)
			SetupTypeCache (155ms)
				TypeCache.Initialize (155ms)
					TypeCache.ScanAssembly (153ms)
				ResolveRequiredComponents (1ms)
			ReleaseScriptCaches (0ms)
			RebuildScriptCaches (42ms)
			SetupLoadedEditorAssemblies (310ms)
				LogAssemblyErrors (0ms)
				InitializePlatformSupportModulesInManaged (61ms)
				SetLoadedEditorAssemblies (7ms)
				RefreshPlugins (92ms)
				BeforeProcessingInitializeOnLoad (1ms)
				ProcessInitializeOnLoadAttributes (108ms)
				ProcessInitializeOnLoadMethodAttributes (42ms)
				AfterProcessingInitializeOnLoad (0ms)
				EditorAssembliesLoaded (0ms)
			ExecutionOrderSort2 (0ms)
			AwakeInstancesAfterBackupRestoration (0ms)
Platform modules already initialized, skipping
Registering precompiled user dll's ...
Registered in 0.005990 seconds.
Begin MonoManager ReloadAssembly
Symbol file LoadedFromMemory doesn't match image C:\Users\Melia\Gitrepo\GroupGame\GroupGame\Library\PackageCache\com.unity.visualscripting@1.7.8\Editor\VisualScripting.Core\Dependencies\YamlDotNet\Unity.VisualScripting.YamlDotNet.dll
Symbol file LoadedFromMemory doesn't match image C:\Users\Melia\Gitrepo\GroupGame\GroupGame\Library\PackageCache\com.unity.visualscripting@1.7.8\Editor\VisualScripting.Core\Dependencies\DotNetZip\Unity.VisualScripting.IonicZip.dll
Native extension for WindowsStandalone target not found
Native extension for Android target not found
Refreshing native plugins compatible for Editor in 0.76 ms, found 3 plugins.
Preloading 0 native plugins for Editor in 0.00 ms.
Mono: successfully reloaded assembly
- Completed reload, in  1.321 seconds
Domain Reload Profiling:
	ReloadAssembly (1322ms)
		BeginReloadAssembly (222ms)
			ExecutionOrderSort (0ms)
			DisableScriptedObjects (5ms)
			BackupInstance (0ms)
			ReleaseScriptingObjects (0ms)
			CreateAndSetChildDomain (125ms)
		EndReloadAssembly (947ms)
			LoadAssemblies (88ms)
			RebuildTransferFunctionScriptingTraits (0ms)
			SetupTypeCache (323ms)
				TypeCache.Initialize (317ms)
					TypeCache.ScanAssembly (313ms)
				ResolveRequiredComponents (6ms)
			ReleaseScriptCaches (1ms)
			RebuildScriptCaches (62ms)
			SetupLoadedEditorAssemblies (417ms)
				LogAssemblyErrors (0ms)
				InitializePlatformSupportModulesInManaged (13ms)
				SetLoadedEditorAssemblies (7ms)
				RefreshPlugins (1ms)
				BeforeProcessingInitializeOnLoad (86ms)
				ProcessInitializeOnLoadAttributes (276ms)
				ProcessInitializeOnLoadMethodAttributes (25ms)
				AfterProcessingInitializeOnLoad (8ms)
				EditorAssembliesLoaded (0ms)
			ExecutionOrderSort2 (0ms)
			AwakeInstancesAfterBackupRestoration (5ms)
Platform modules already initialized, skipping
========================================================================
Worker process is ready to serve import requests
Launched and connected shader compiler UnityShaderCompiler.exe after 0.06 seconds
Refreshing native plugins compatible for Editor in 0.63 ms, found 3 plugins.
Preloading 0 native plugins for Editor in 0.00 ms.
Unloading 3606 Unused Serialized files (Serialized files now loaded: 0)
Unloading 39 unused Assets / (131.2 KB). Loaded Objects now: 4069.
Memory consumption went from 0.54 GB to 0.54 GB.
Total: 3.592700 ms (FindLiveObjects: 0.284800 ms CreateObjectMapping: 0.320000 ms MarkObjects: 2.854400 ms  DeleteObjects: 0.132900 ms)

AssetImportParameters requested are different than current active one (requested -> active):
  custom:video-decoder-ogg-theora: a1e56fd34408186e4bbccfd4996cb3dc -> 
  custom:container-muxer-webm: aa71ff27fc2769a1b78a27578f13a17b -> 
  custom:container-demuxer-webm: 4f35f7cbe854078d1ac9338744f61a02 -> 
  custom:video-encoder-webm-vp8: eb34c28f22e8b96e1ab97ce403110664 -> 
  custom:video-codec-MediaFoundation-h265: 746d11721c4dcdbdad8f713fa42b33f4 -> 
  custom:audio-encoder-webm-vorbis: bf7c407c2cedff20999df2af8eb42d56 -> 
  custom:framework-win-MediaFoundation: 216162199b28c13a410421893ffa2e32 -> 
  custom:container-demuxer-ogg: 62fdf1f143b41e24485cea50d1cbac27 -> 
  custom:video-decoder-webm-vp8: 9c59270c3fd7afecdb556c50c9e8de78 -> 
  custom:audio-decoder-ogg-vorbis: bf7c407c2cedff20999df2af8eb42d56 -> 
========================================================================
Received Import Request.
  Time since last request: 1150.161845 seconds.
  path: Assets/Prefabs/InvSlotUI.prefab
  artifactKey: Guid(0530bee9f1137e541918a49a2262f025) Importer(815301076,1909f56bfc062723c751e8b465ee728b)
Start importing Assets/Prefabs/InvSlotUI.prefab using Guid(0530bee9f1137e541918a49a2262f025) Importer(815301076,1909f56bfc062723c751e8b465ee728b)  -> (artifact id: 'ca866b5a94f77e0ea9f583fb6edc3d78') in 0.037813 seconds 
========================================================================
Received Import Request.
  Time since last request: 70.550767 seconds.
  path: Assets/Scripts/Melia_Scripts/Inventory/InventorySlot.cs
  artifactKey: Guid(3cc6475748a93e54280ec20b62a1df4f) Importer(815301076,1909f56bfc062723c751e8b465ee728b)
Start importing Assets/Scripts/Melia_Scripts/Inventory/InventorySlot.cs using Guid(3cc6475748a93e54280ec20b62a1df4f) Importer(815301076,1909f56bfc062723c751e8b465ee728b)  -> (artifact id: 'fc3506a9b33525245c5efaf8d16b63a4') in 0.029902 seconds 
========================================================================
Received Import Request.
  Time since last request: 0.691979 seconds.
  path: Assets/Scripts/Melia_Scripts/Inventory/InventorySystem.cs
  artifactKey: Guid(42e492a3dc43c56428fc4511824a478e) Importer(815301076,1909f56bfc062723c751e8b465ee728b)
Start importing Assets/Scripts/Melia_Scripts/Inventory/InventorySystem.cs using Guid(42e492a3dc43c56428fc4511824a478e) Importer(815301076,1909f56bfc062723c751e8b465ee728b)  -> (artifact id: '11e391657e6b55100448ad52d16c330e') in 0.001505 seconds 
========================================================================
Received Import Request.
  Time since last request: 1.096749 seconds.
  path: Assets/Scripts/Melia_Scripts/Inventory/ItemPickup.cs
  artifactKey: Guid(b98862f131b208849b58696be2c690f7) Importer(815301076,1909f56bfc062723c751e8b465ee728b)
Start importing Assets/Scripts/Melia_Scripts/Inventory/ItemPickup.cs using Guid(b98862f131b208849b58696be2c690f7) Importer(815301076,1909f56bfc062723c751e8b465ee728b)  -> (artifact id: '26e39384937a864130017e98f400e71b') in 0.001960 seconds 
========================================================================
Received Import Request.
  Time since last request: 1.225440 seconds.
  path: Assets/Scripts/Melia_Scripts/Inventory/MouseItemData.cs
  artifactKey: Guid(91cf151ff748eb6468ee49e6a8807b9a) Importer(815301076,1909f56bfc062723c751e8b465ee728b)
Start importing Assets/Scripts/Melia_Scripts/Inventory/MouseItemData.cs using Guid(91cf151ff748eb6468ee49e6a8807b9a) Importer(815301076,1909f56bfc062723c751e8b465ee728b)  -> (artifact id: '0e203bf1cdd430123bc2065e4ac03860') in 0.002331 seconds 
========================================================================
Received Import Request.
  Time since last request: 1.545162 seconds.
  path: Assets/Scripts/Melia_Scripts/Inventory/SlotUI.cs
  artifactKey: Guid(1b8f09c667cec6c41a04e4c0a9fe8d7a) Importer(815301076,1909f56bfc062723c751e8b465ee728b)
Start importing Assets/Scripts/Melia_Scripts/Inventory/SlotUI.cs using Guid(1b8f09c667cec6c41a04e4c0a9fe8d7a) Importer(815301076,1909f56bfc062723c751e8b465ee728b)  -> (artifact id: 'd655023b5e5f9ac38d28a874f66799dd') in 0.003837 seconds 
========================================================================
Received Import Request.
  Time since last request: 105.248031 seconds.
  path: Assets/Prefabs/InvSlotUI.prefab
  artifactKey: Guid(0530bee9f1137e541918a49a2262f025) Importer(815301076,1909f56bfc062723c751e8b465ee728b)
Start importing Assets/Prefabs/InvSlotUI.prefab using Guid(0530bee9f1137e541918a49a2262f025) Importer(815301076,1909f56bfc062723c751e8b465ee728b)  -> (artifact id: '2306a8f0a69f195f1caeb00190c2c5c6') in 0.005618 seconds 
========================================================================
Received Import Request.
  Time since last request: 6.618241 seconds.
  path: Assets/Prefabs/InvSlotUI.prefab
  artifactKey: Guid(0530bee9f1137e541918a49a2262f025) Importer(815301076,1909f56bfc062723c751e8b465ee728b)
Start importing Assets/Prefabs/InvSlotUI.prefab using Guid(0530bee9f1137e541918a49a2262f025) Importer(815301076,1909f56bfc062723c751e8b465ee728b)  -> (artifact id: 'c457e3fb22b52ac2eea222e8fcc512bb') in 0.005132 seconds 
========================================================================
Received Prepare
Registering precompiled user dll's ...
Registered in 0.005469 seconds.
Begin MonoManager ReloadAssembly
Symbol file LoadedFromMemory doesn't match image C:\Users\Melia\Gitrepo\GroupGame\GroupGame\Library\PackageCache\com.unity.visualscripting@1.7.8\Editor\VisualScripting.Core\Dependencies\YamlDotNet\Unity.VisualScripting.YamlDotNet.dll
Symbol file LoadedFromMemory doesn't match image C:\Users\Melia\Gitrepo\GroupGame\GroupGame\Library\PackageCache\com.unity.visualscripting@1.7.8\Editor\VisualScripting.Core\Dependencies\DotNetZip\Unity.VisualScripting.IonicZip.dll
Native extension for WindowsStandalone target not found
Native extension for Android target not found
Refreshing native plugins compatible for Editor in 0.67 ms, found 3 plugins.
Preloading 0 native plugins for Editor in 0.00 ms.
Mono: successfully reloaded assembly
- Completed reload, in  1.069 seconds
Domain Reload Profiling:
	ReloadAssembly (1069ms)
		BeginReloadAssembly (121ms)
			ExecutionOrderSort (0ms)
			DisableScriptedObjects (6ms)
			BackupInstance (0ms)
			ReleaseScriptingObjects (0ms)
			CreateAndSetChildDomain (33ms)
		EndReloadAssembly (843ms)
			LoadAssemblies (79ms)
			RebuildTransferFunctionScriptingTraits (0ms)
			SetupTypeCache (270ms)
				TypeCache.Initialize (262ms)
					TypeCache.ScanAssembly (255ms)
				ResolveRequiredComponents (8ms)
			ReleaseScriptCaches (1ms)
			RebuildScriptCaches (44ms)
			SetupLoadedEditorAssemblies (386ms)
				LogAssemblyErrors (0ms)
				InitializePlatformSupportModulesInManaged (21ms)
				SetLoadedEditorAssemblies (7ms)
				RefreshPlugins (1ms)
				BeforeProcessingInitializeOnLoad (67ms)
				ProcessInitializeOnLoadAttributes (253ms)
				ProcessInitializeOnLoadMethodAttributes (28ms)
				AfterProcessingInitializeOnLoad (9ms)
				EditorAssembliesLoaded (0ms)
			ExecutionOrderSort2 (0ms)
			AwakeInstancesAfterBackupRestoration (6ms)
Platform modules already initialized, skipping
Refreshing native plugins compatible for Editor in 2.14 ms, found 3 plugins.
Preloading 0 native plugins for Editor in 0.00 ms.
Unloading 3599 Unused Serialized files (Serialized files now loaded: 0)
Unloading 20 unused Assets / (96.2 KB). Loaded Objects now: 4085.
Memory consumption went from 0.54 GB to 0.54 GB.
Total: 3.113900 ms (FindLiveObjects: 0.354700 ms CreateObjectMapping: 0.298600 ms MarkObjects: 2.404600 ms  DeleteObjects: 0.055000 ms)

AssetImportParameters requested are different than current active one (requested -> active):
  custom:video-decoder-ogg-theora: a1e56fd34408186e4bbccfd4996cb3dc -> 
  custom:container-muxer-webm: aa71ff27fc2769a1b78a27578f13a17b -> 
  custom:container-demuxer-webm: 4f35f7cbe854078d1ac9338744f61a02 -> 
  custom:video-encoder-webm-vp8: eb34c28f22e8b96e1ab97ce403110664 -> 
  custom:video-codec-MediaFoundation-h265: 746d11721c4dcdbdad8f713fa42b33f4 -> 
  custom:audio-encoder-webm-vorbis: bf7c407c2cedff20999df2af8eb42d56 -> 
  custom:framework-win-MediaFoundation: 216162199b28c13a410421893ffa2e32 -> 
  custom:container-demuxer-ogg: 62fdf1f143b41e24485cea50d1cbac27 -> 
  custom:video-decoder-webm-vp8: 9c59270c3fd7afecdb556c50c9e8de78 -> 
  custom:audio-decoder-ogg-vorbis: bf7c407c2cedff20999df2af8eb42d56 -> 
========================================================================
Received Prepare
Registering precompiled user dll's ...
Registered in 0.004990 seconds.
Begin MonoManager ReloadAssembly
Symbol file LoadedFromMemory doesn't match image C:\Users\Melia\Gitrepo\GroupGame\GroupGame\Library\PackageCache\com.unity.visualscripting@1.7.8\Editor\VisualScripting.Core\Dependencies\YamlDotNet\Unity.VisualScripting.YamlDotNet.dll
Symbol file LoadedFromMemory doesn't match image C:\Users\Melia\Gitrepo\GroupGame\GroupGame\Library\PackageCache\com.unity.visualscripting@1.7.8\Editor\VisualScripting.Core\Dependencies\DotNetZip\Unity.VisualScripting.IonicZip.dll
Native extension for WindowsStandalone target not found
Native extension for Android target not found
Refreshing native plugins compatible for Editor in 0.62 ms, found 3 plugins.
Preloading 0 native plugins for Editor in 0.00 ms.
Mono: successfully reloaded assembly
- Completed reload, in  0.993 seconds
Domain Reload Profiling:
	ReloadAssembly (993ms)
		BeginReloadAssembly (115ms)
			ExecutionOrderSort (0ms)
			DisableScriptedObjects (4ms)
			BackupInstance (0ms)
			ReleaseScriptingObjects (0ms)
			CreateAndSetChildDomain (32ms)
		EndReloadAssembly (786ms)
			LoadAssemblies (74ms)
			RebuildTransferFunctionScriptingTraits (0ms)
			SetupTypeCache (256ms)
				TypeCache.Initialize (251ms)
					TypeCache.ScanAssembly (246ms)
				ResolveRequiredComponents (5ms)
			ReleaseScriptCaches (1ms)
			RebuildScriptCaches (50ms)
			SetupLoadedEditorAssemblies (351ms)
				LogAssemblyErrors (0ms)
				InitializePlatformSupportModulesInManaged (18ms)
				SetLoadedEditorAssemblies (6ms)
				RefreshPlugins (1ms)
				BeforeProcessingInitializeOnLoad (65ms)
				ProcessInitializeOnLoadAttributes (230ms)
				ProcessInitializeOnLoadMethodAttributes (24ms)
				AfterProcessingInitializeOnLoad (8ms)
				EditorAssembliesLoaded (0ms)
			ExecutionOrderSort2 (0ms)
			AwakeInstancesAfterBackupRestoration (5ms)
Platform modules already initialized, skipping
Refreshing native plugins compatible for Editor in 2.00 ms, found 3 plugins.
Preloading 0 native plugins for Editor in 0.00 ms.
Unloading 3600 Unused Serialized files (Serialized files now loaded: 0)
Unloading 20 unused Assets / (103.3 KB). Loaded Objects now: 4100.
Memory consumption went from 0.54 GB to 0.54 GB.
Total: 2.624400 ms (FindLiveObjects: 0.259800 ms CreateObjectMapping: 0.196700 ms MarkObjects: 2.132600 ms  DeleteObjects: 0.033800 ms)

AssetImportParameters requested are different than current active one (requested -> active):
  custom:video-decoder-ogg-theora: a1e56fd34408186e4bbccfd4996cb3dc -> 
  custom:container-muxer-webm: aa71ff27fc2769a1b78a27578f13a17b -> 
  custom:container-demuxer-webm: 4f35f7cbe854078d1ac9338744f61a02 -> 
  custom:video-encoder-webm-vp8: eb34c28f22e8b96e1ab97ce403110664 -> 
  custom:video-codec-MediaFoundation-h265: 746d11721c4dcdbdad8f713fa42b33f4 -> 
  custom:audio-encoder-webm-vorbis: bf7c407c2cedff20999df2af8eb42d56 -> 
  custom:framework-win-MediaFoundation: 216162199b28c13a410421893ffa2e32 -> 
  custom:container-demuxer-ogg: 62fdf1f143b41e24485cea50d1cbac27 -> 
  custom:video-decoder-webm-vp8: 9c59270c3fd7afecdb556c50c9e8de78 -> 
  custom:audio-decoder-ogg-vorbis: bf7c407c2cedff20999df2af8eb42d56 -> 
========================================================================
Received Import Request.
  Time since last request: 776.336032 seconds.
  path: Assets/Prefabs/InvSlotUI.prefab
  artifactKey: Guid(0530bee9f1137e541918a49a2262f025) Importer(815301076,1909f56bfc062723c751e8b465ee728b)
Start importing Assets/Prefabs/InvSlotUI.prefab using Guid(0530bee9f1137e541918a49a2262f025) Importer(815301076,1909f56bfc062723c751e8b465ee728b)  -> (artifact id: 'fd1323dd62f829330d182c7e39d2671d') in 0.028628 seconds 
========================================================================
Received Import Request.
  Time since last request: 7.642991 seconds.
  path: Assets/Prefabs/InvSlotUI.prefab
  artifactKey: Guid(0530bee9f1137e541918a49a2262f025) Importer(815301076,1909f56bfc062723c751e8b465ee728b)
Start importing Assets/Prefabs/InvSlotUI.prefab using Guid(0530bee9f1137e541918a49a2262f025) Importer(815301076,1909f56bfc062723c751e8b465ee728b)  -> (artifact id: 'f47d6171180b3971e330a79cc064089e') in 0.005290 seconds 
========================================================================
Received Import Request.
  Time since last request: 2.962111 seconds.
  path: Assets/Prefabs/InvSlotUI.prefab
  artifactKey: Guid(0530bee9f1137e541918a49a2262f025) Importer(815301076,1909f56bfc062723c751e8b465ee728b)
Start importing Assets/Prefabs/InvSlotUI.prefab using Guid(0530bee9f1137e541918a49a2262f025) Importer(815301076,1909f56bfc062723c751e8b465ee728b)  -> (artifact id: '910726b94cca3530931fab0e9c5417a5') in 0.004044 seconds 
========================================================================
Received Prepare
Registering precompiled user dll's ...
Registered in 0.005848 seconds.
Begin MonoManager ReloadAssembly
Symbol file LoadedFromMemory doesn't match image C:\Users\Melia\Gitrepo\GroupGame\GroupGame\Library\PackageCache\com.unity.visualscripting@1.7.8\Editor\VisualScripting.Core\Dependencies\YamlDotNet\Unity.VisualScripting.YamlDotNet.dll
Symbol file LoadedFromMemory doesn't match image C:\Users\Melia\Gitrepo\GroupGame\GroupGame\Library\PackageCache\com.unity.visualscripting@1.7.8\Editor\VisualScripting.Core\Dependencies\DotNetZip\Unity.VisualScripting.IonicZip.dll
Native extension for WindowsStandalone target not found
Native extension for Android target not found
Refreshing native plugins compatible for Editor in 0.67 ms, found 3 plugins.
Preloading 0 native plugins for Editor in 0.00 ms.
Mono: successfully reloaded assembly
- Completed reload, in  1.052 seconds
Domain Reload Profiling:
	ReloadAssembly (1053ms)
		BeginReloadAssembly (137ms)
			ExecutionOrderSort (0ms)
			DisableScriptedObjects (4ms)
			BackupInstance (0ms)
			ReleaseScriptingObjects (0ms)
			CreateAndSetChildDomain (40ms)
		EndReloadAssembly (825ms)
			LoadAssemblies (84ms)
			RebuildTransferFunctionScriptingTraits (0ms)
			SetupTypeCache (270ms)
				TypeCache.Initialize (265ms)
					TypeCache.ScanAssembly (260ms)
				ResolveRequiredComponents (5ms)
			ReleaseScriptCaches (1ms)
			RebuildScriptCaches (42ms)
			SetupLoadedEditorAssemblies (383ms)
				LogAssemblyErrors (0ms)
				InitializePlatformSupportModulesInManaged (19ms)
				SetLoadedEditorAssemblies (7ms)
				RefreshPlugins (1ms)
				BeforeProcessingInitializeOnLoad (73ms)
				ProcessInitializeOnLoadAttributes (242ms)
				ProcessInitializeOnLoadMethodAttributes (30ms)
				AfterProcessingInitializeOnLoad (11ms)
				EditorAssembliesLoaded (0ms)
			ExecutionOrderSort2 (0ms)
			AwakeInstancesAfterBackupRestoration (6ms)
Platform modules already initialized, skipping
Refreshing native plugins compatible for Editor in 1.88 ms, found 3 plugins.
Preloading 0 native plugins for Editor in 0.00 ms.
Unloading 3599 Unused Serialized files (Serialized files now loaded: 0)
Unloading 20 unused Assets / (96.2 KB). Loaded Objects now: 4115.
Memory consumption went from 0.54 GB to 0.54 GB.
Total: 3.571600 ms (FindLiveObjects: 0.392500 ms CreateObjectMapping: 0.246700 ms MarkObjects: 2.871100 ms  DeleteObjects: 0.043900 ms)

AssetImportParameters requested are different than current active one (requested -> active):
  custom:video-decoder-ogg-theora: a1e56fd34408186e4bbccfd4996cb3dc -> 
  custom:container-muxer-webm: aa71ff27fc2769a1b78a27578f13a17b -> 
  custom:container-demuxer-webm: 4f35f7cbe854078d1ac9338744f61a02 -> 
  custom:video-encoder-webm-vp8: eb34c28f22e8b96e1ab97ce403110664 -> 
  custom:video-codec-MediaFoundation-h265: 746d11721c4dcdbdad8f713fa42b33f4 -> 
  custom:audio-encoder-webm-vorbis: bf7c407c2cedff20999df2af8eb42d56 -> 
  custom:framework-win-MediaFoundation: 216162199b28c13a410421893ffa2e32 -> 
  custom:container-demuxer-ogg: 62fdf1f143b41e24485cea50d1cbac27 -> 
  custom:video-decoder-webm-vp8: 9c59270c3fd7afecdb556c50c9e8de78 -> 
  custom:audio-decoder-ogg-vorbis: bf7c407c2cedff20999df2af8eb42d56 -> 
========================================================================
Received Import Request.
  Time since last request: 39.502097 seconds.
  path: Assets/Prefabs/InvSlotUI.prefab
  artifactKey: Guid(0530bee9f1137e541918a49a2262f025) Importer(815301076,1909f56bfc062723c751e8b465ee728b)
Start importing Assets/Prefabs/InvSlotUI.prefab using Guid(0530bee9f1137e541918a49a2262f025) Importer(815301076,1909f56bfc062723c751e8b465ee728b)  -> (artifact id: '3a705a21838a2b32fe9434fcc3ae1e4f') in 0.029562 seconds 
========================================================================
Received Import Request.
  Time since last request: 2.167144 seconds.
  path: Assets/Prefabs/InvSlotUI.prefab
  artifactKey: Guid(0530bee9f1137e541918a49a2262f025) Importer(815301076,1909f56bfc062723c751e8b465ee728b)
Start importing Assets/Prefabs/InvSlotUI.prefab using Guid(0530bee9f1137e541918a49a2262f025) Importer(815301076,1909f56bfc062723c751e8b465ee728b)  -> (artifact id: 'b63dc7d06f1c67f0d831e4fb228ae124') in 0.004304 seconds 
========================================================================
Received Import Request.
  Time since last request: 3.944502 seconds.
  path: Assets/Prefabs/InvSlotUI.prefab
  artifactKey: Guid(0530bee9f1137e541918a49a2262f025) Importer(815301076,1909f56bfc062723c751e8b465ee728b)
Start importing Assets/Prefabs/InvSlotUI.prefab using Guid(0530bee9f1137e541918a49a2262f025) Importer(815301076,1909f56bfc062723c751e8b465ee728b)  -> (artifact id: '2c014e8b4507e8bdde200ed6f7220e65') in 0.004430 seconds 
========================================================================
Received Prepare
Registering precompiled user dll's ...
Registered in 0.007734 seconds.
Begin MonoManager ReloadAssembly
Symbol file LoadedFromMemory doesn't match image C:\Users\Melia\Gitrepo\GroupGame\GroupGame\Library\PackageCache\com.unity.visualscripting@1.7.8\Editor\VisualScripting.Core\Dependencies\YamlDotNet\Unity.VisualScripting.YamlDotNet.dll
Symbol file LoadedFromMemory doesn't match image C:\Users\Melia\Gitrepo\GroupGame\GroupGame\Library\PackageCache\com.unity.visualscripting@1.7.8\Editor\VisualScripting.Core\Dependencies\DotNetZip\Unity.VisualScripting.IonicZip.dll
Native extension for WindowsStandalone target not found
Native extension for Android target not found
Refreshing native plugins compatible for Editor in 1.23 ms, found 3 plugins.
Preloading 0 native plugins for Editor in 0.00 ms.
Mono: successfully reloaded assembly
- Completed reload, in  1.061 seconds
Domain Reload Profiling:
	ReloadAssembly (1062ms)
		BeginReloadAssembly (119ms)
			ExecutionOrderSort (0ms)
			DisableScriptedObjects (4ms)
			BackupInstance (0ms)
			ReleaseScriptingObjects (0ms)
			CreateAndSetChildDomain (33ms)
		EndReloadAssembly (846ms)
			LoadAssemblies (78ms)
			RebuildTransferFunctionScriptingTraits (0ms)
			SetupTypeCache (280ms)
				TypeCache.Initialize (274ms)
					TypeCache.ScanAssembly (269ms)
				ResolveRequiredComponents (6ms)
			ReleaseScriptCaches (1ms)
			RebuildScriptCaches (42ms)
			SetupLoadedEditorAssemblies (377ms)
				LogAssemblyErrors (0ms)
				InitializePlatformSupportModulesInManaged (23ms)
				SetLoadedEditorAssemblies (8ms)
				RefreshPlugins (1ms)
				BeforeProcessingInitializeOnLoad (70ms)
				ProcessInitializeOnLoadAttributes (239ms)
				ProcessInitializeOnLoadMethodAttributes (27ms)
				AfterProcessingInitializeOnLoad (8ms)
				EditorAssembliesLoaded (0ms)
			ExecutionOrderSort2 (0ms)
			AwakeInstancesAfterBackupRestoration (6ms)
Platform modules already initialized, skipping
Refreshing native plugins compatible for Editor in 2.15 ms, found 3 plugins.
Preloading 0 native plugins for Editor in 0.00 ms.
Unloading 3599 Unused Serialized files (Serialized files now loaded: 0)
Unloading 20 unused Assets / (96.2 KB). Loaded Objects now: 4130.
Memory consumption went from 0.54 GB to 0.54 GB.
Total: 2.818000 ms (FindLiveObjects: 0.255900 ms CreateObjectMapping: 0.236100 ms MarkObjects: 2.286900 ms  DeleteObjects: 0.038200 ms)

AssetImportParameters requested are different than current active one (requested -> active):
  custom:video-decoder-ogg-theora: a1e56fd34408186e4bbccfd4996cb3dc -> 
  custom:container-muxer-webm: aa71ff27fc2769a1b78a27578f13a17b -> 
  custom:container-demuxer-webm: 4f35f7cbe854078d1ac9338744f61a02 -> 
  custom:video-encoder-webm-vp8: eb34c28f22e8b96e1ab97ce403110664 -> 
  custom:video-codec-MediaFoundation-h265: 746d11721c4dcdbdad8f713fa42b33f4 -> 
  custom:audio-encoder-webm-vorbis: bf7c407c2cedff20999df2af8eb42d56 -> 
  custom:framework-win-MediaFoundation: 216162199b28c13a410421893ffa2e32 -> 
  custom:container-demuxer-ogg: 62fdf1f143b41e24485cea50d1cbac27 -> 
  custom:video-decoder-webm-vp8: 9c59270c3fd7afecdb556c50c9e8de78 -> 
  custom:audio-decoder-ogg-vorbis: bf7c407c2cedff20999df2af8eb42d56 -> 
========================================================================
Received Import Request.
  Time since last request: 23.589415 seconds.
  path: Assets/Prefabs/InvSlotUI.prefab
  artifactKey: Guid(0530bee9f1137e541918a49a2262f025) Importer(815301076,1909f56bfc062723c751e8b465ee728b)
Start importing Assets/Prefabs/InvSlotUI.prefab using Guid(0530bee9f1137e541918a49a2262f025) Importer(815301076,1909f56bfc062723c751e8b465ee728b)  -> (artifact id: '35222c22da2e34394223b7bac90ace81') in 0.029508 seconds 
========================================================================
Received Import Request.
  Time since last request: 5.356181 seconds.
  path: Assets/Prefabs/InvSlotUI.prefab
  artifactKey: Guid(0530bee9f1137e541918a49a2262f025) Importer(815301076,1909f56bfc062723c751e8b465ee728b)
Start importing Assets/Prefabs/InvSlotUI.prefab using Guid(0530bee9f1137e541918a49a2262f025) Importer(815301076,1909f56bfc062723c751e8b465ee728b)  -> (artifact id: '4d38aba325b2e17a0b60adb77b7f8ff9') in 0.004578 seconds 
========================================================================
Received Import Request.
  Time since last request: 3.431653 seconds.
  path: Assets/Prefabs/InvSlotUI.prefab
  artifactKey: Guid(0530bee9f1137e541918a49a2262f025) Importer(815301076,1909f56bfc062723c751e8b465ee728b)
Start importing Assets/Prefabs/InvSlotUI.prefab using Guid(0530bee9f1137e541918a49a2262f025) Importer(815301076,1909f56bfc062723c751e8b465ee728b)  -> (artifact id: 'b27cdcca860881519b2ee9e2fb9f8d24') in 0.003856 seconds 
========================================================================
Received Import Request.
  Time since last request: 1.822763 seconds.
  path: Assets/Prefabs/InvSlotUI.prefab
  artifactKey: Guid(0530bee9f1137e541918a49a2262f025) Importer(815301076,1909f56bfc062723c751e8b465ee728b)
Start importing Assets/Prefabs/InvSlotUI.prefab using Guid(0530bee9f1137e541918a49a2262f025) Importer(815301076,1909f56bfc062723c751e8b465ee728b)  -> (artifact id: 'a1094eeab283c92119eedd38f608f880') in 0.004342 seconds 
========================================================================
Received Import Request.
  Time since last request: 2.215941 seconds.
  path: Assets/Prefabs/InvSlotUI.prefab
  artifactKey: Guid(0530bee9f1137e541918a49a2262f025) Importer(815301076,1909f56bfc062723c751e8b465ee728b)
Start importing Assets/Prefabs/InvSlotUI.prefab using Guid(0530bee9f1137e541918a49a2262f025) Importer(815301076,1909f56bfc062723c751e8b465ee728b)  -> (artifact id: '2793be1d6fec641813233f6be149403c') in 0.004877 seconds 
========================================================================
Received Import Request.
  Time since last request: 1.404205 seconds.
  path: Assets/Prefabs/InvSlotUI.prefab
  artifactKey: Guid(0530bee9f1137e541918a49a2262f025) Importer(815301076,1909f56bfc062723c751e8b465ee728b)
Start importing Assets/Prefabs/InvSlotUI.prefab using Guid(0530bee9f1137e541918a49a2262f025) Importer(815301076,1909f56bfc062723c751e8b465ee728b)  -> (artifact id: '38a7eaa34b6baed38a157b879cdfde07') in 0.005030 seconds 
========================================================================
Received Import Request.
  Time since last request: 1.402076 seconds.
  path: Assets/Prefabs/InvSlotUI.prefab
  artifactKey: Guid(0530bee9f1137e541918a49a2262f025) Importer(815301076,1909f56bfc062723c751e8b465ee728b)
Start importing Assets/Prefabs/InvSlotUI.prefab using Guid(0530bee9f1137e541918a49a2262f025) Importer(815301076,1909f56bfc062723c751e8b465ee728b)  -> (artifact id: '526810ad195523d2d97cfeee216398c0') in 0.005079 seconds 
========================================================================
Received Import Request.
  Time since last request: 1.405142 seconds.
  path: Assets/Prefabs/InvSlotUI.prefab
  artifactKey: Guid(0530bee9f1137e541918a49a2262f025) Importer(815301076,1909f56bfc062723c751e8b465ee728b)
Start importing Assets/Prefabs/InvSlotUI.prefab using Guid(0530bee9f1137e541918a49a2262f025) Importer(815301076,1909f56bfc062723c751e8b465ee728b)  -> (artifact id: 'bb91e353e757a53a67cbe9e8cadec868') in 0.004449 seconds 
========================================================================
Received Prepare
Registering precompiled user dll's ...
Registered in 0.007584 seconds.
Begin MonoManager ReloadAssembly
Symbol file LoadedFromMemory doesn't match image C:\Users\Melia\Gitrepo\GroupGame\GroupGame\Library\PackageCache\com.unity.visualscripting@1.7.8\Editor\VisualScripting.Core\Dependencies\YamlDotNet\Unity.VisualScripting.YamlDotNet.dll
Symbol file LoadedFromMemory doesn't match image C:\Users\Melia\Gitrepo\GroupGame\GroupGame\Library\PackageCache\com.unity.visualscripting@1.7.8\Editor\VisualScripting.Core\Dependencies\DotNetZip\Unity.VisualScripting.IonicZip.dll
Native extension for WindowsStandalone target not found
Native extension for Android target not found
Refreshing native plugins compatible for Editor in 1.18 ms, found 3 plugins.
Preloading 0 native plugins for Editor in 0.00 ms.
Mono: successfully reloaded assembly
- Completed reload, in  1.018 seconds
Domain Reload Profiling:
	ReloadAssembly (1019ms)
		BeginReloadAssembly (116ms)
			ExecutionOrderSort (0ms)
			DisableScriptedObjects (4ms)
			BackupInstance (0ms)
			ReleaseScriptingObjects (0ms)
			CreateAndSetChildDomain (31ms)
		EndReloadAssembly (811ms)
			LoadAssemblies (77ms)
			RebuildTransferFunctionScriptingTraits (0ms)
			SetupTypeCache (261ms)
				TypeCache.Initialize (256ms)
					TypeCache.ScanAssembly (251ms)
				ResolveRequiredComponents (5ms)
			ReleaseScriptCaches (1ms)
			RebuildScriptCaches (42ms)
			SetupLoadedEditorAssemblies (376ms)
				LogAssemblyErrors (0ms)
				InitializePlatformSupportModulesInManaged (27ms)
				SetLoadedEditorAssemblies (9ms)
				RefreshPlugins (1ms)
				BeforeProcessingInitializeOnLoad (69ms)
				ProcessInitializeOnLoadAttributes (235ms)
				ProcessInitializeOnLoadMethodAttributes (26ms)
				AfterProcessingInitializeOnLoad (9ms)
				EditorAssembliesLoaded (0ms)
			ExecutionOrderSort2 (0ms)
			AwakeInstancesAfterBackupRestoration (6ms)
Platform modules already initialized, skipping
Refreshing native plugins compatible for Editor in 2.10 ms, found 3 plugins.
Preloading 0 native plugins for Editor in 0.00 ms.
Unloading 3599 Unused Serialized files (Serialized files now loaded: 0)
Unloading 20 unused Assets / (96.1 KB). Loaded Objects now: 4145.
Memory consumption went from 0.54 GB to 0.54 GB.
Total: 3.084000 ms (FindLiveObjects: 0.271200 ms CreateObjectMapping: 0.262100 ms MarkObjects: 2.490300 ms  DeleteObjects: 0.059400 ms)

AssetImportParameters requested are different than current active one (requested -> active):
  custom:video-decoder-ogg-theora: a1e56fd34408186e4bbccfd4996cb3dc -> 
  custom:container-muxer-webm: aa71ff27fc2769a1b78a27578f13a17b -> 
  custom:container-demuxer-webm: 4f35f7cbe854078d1ac9338744f61a02 -> 
  custom:video-encoder-webm-vp8: eb34c28f22e8b96e1ab97ce403110664 -> 
  custom:video-codec-MediaFoundation-h265: 746d11721c4dcdbdad8f713fa42b33f4 -> 
  custom:audio-encoder-webm-vorbis: bf7c407c2cedff20999df2af8eb42d56 -> 
  custom:framework-win-MediaFoundation: 216162199b28c13a410421893ffa2e32 -> 
  custom:container-demuxer-ogg: 62fdf1f143b41e24485cea50d1cbac27 -> 
  custom:video-decoder-webm-vp8: 9c59270c3fd7afecdb556c50c9e8de78 -> 
  custom:audio-decoder-ogg-vorbis: bf7c407c2cedff20999df2af8eb42d56 -> 
========================================================================
Received Import Request.
  Time since last request: 286.620653 seconds.
  path: Assets/Prefabs/InvSlotUI.prefab
  artifactKey: Guid(0530bee9f1137e541918a49a2262f025) Importer(815301076,1909f56bfc062723c751e8b465ee728b)
Start importing Assets/Prefabs/InvSlotUI.prefab using Guid(0530bee9f1137e541918a49a2262f025) Importer(815301076,1909f56bfc062723c751e8b465ee728b)  -> (artifact id: '7b5586586f1a107ebb7c091dccf5650e') in 0.032278 seconds 
========================================================================
Received Import Request.
  Time since last request: 2.977327 seconds.
  path: Assets/Prefabs/InvSlotUI.prefab
  artifactKey: Guid(0530bee9f1137e541918a49a2262f025) Importer(815301076,1909f56bfc062723c751e8b465ee728b)
Start importing Assets/Prefabs/InvSlotUI.prefab using Guid(0530bee9f1137e541918a49a2262f025) Importer(815301076,1909f56bfc062723c751e8b465ee728b)  -> (artifact id: '54c1848762fc773f122aefc95ff4dfcd') in 0.004636 seconds 
========================================================================
Received Import Request.
  Time since last request: 9.153843 seconds.
  path: Assets/Prefabs/InvSlotUI.prefab
  artifactKey: Guid(0530bee9f1137e541918a49a2262f025) Importer(815301076,1909f56bfc062723c751e8b465ee728b)
Start importing Assets/Prefabs/InvSlotUI.prefab using Guid(0530bee9f1137e541918a49a2262f025) Importer(815301076,1909f56bfc062723c751e8b465ee728b)  -> (artifact id: 'c3bacfd4a54d81b259bf397c52ccaa4c') in 0.004221 seconds 
========================================================================
Received Import Request.
  Time since last request: 2.872641 seconds.
  path: Assets/Prefabs/InvSlotUI.prefab
  artifactKey: Guid(0530bee9f1137e541918a49a2262f025) Importer(815301076,1909f56bfc062723c751e8b465ee728b)
Start importing Assets/Prefabs/InvSlotUI.prefab using Guid(0530bee9f1137e541918a49a2262f025) Importer(815301076,1909f56bfc062723c751e8b465ee728b)  -> (artifact id: 'acf6a87f510d447012986338de9abe92') in 0.004758 seconds 
========================================================================
Received Import Request.
  Time since last request: 5.096929 seconds.
  path: Assets/Prefabs/InvSlotUI.prefab
  artifactKey: Guid(0530bee9f1137e541918a49a2262f025) Importer(815301076,1909f56bfc062723c751e8b465ee728b)
Start importing Assets/Prefabs/InvSlotUI.prefab using Guid(0530bee9f1137e541918a49a2262f025) Importer(815301076,1909f56bfc062723c751e8b465ee728b)  -> (artifact id: '5011cd3258cfd7d46f5a58107955d885') in 0.004737 seconds 
========================================================================
Received Import Request.
  Time since last request: 2.005145 seconds.
  path: Assets/Prefabs/InvSlotUI.prefab
  artifactKey: Guid(0530bee9f1137e541918a49a2262f025) Importer(815301076,1909f56bfc062723c751e8b465ee728b)
Start importing Assets/Prefabs/InvSlotUI.prefab using Guid(0530bee9f1137e541918a49a2262f025) Importer(815301076,1909f56bfc062723c751e8b465ee728b)  -> (artifact id: '03a958c14f4b5095c06daade3a2b1bc1') in 0.005219 seconds 
========================================================================
Received Import Request.
  Time since last request: 4.238078 seconds.
  path: Assets/Prefabs/InvSlotUI.prefab
  artifactKey: Guid(0530bee9f1137e541918a49a2262f025) Importer(815301076,1909f56bfc062723c751e8b465ee728b)
Start importing Assets/Prefabs/InvSlotUI.prefab using Guid(0530bee9f1137e541918a49a2262f025) Importer(815301076,1909f56bfc062723c751e8b465ee728b)  -> (artifact id: 'e53676b9a97783b9388f64b8d484f84a') in 0.004259 seconds 
========================================================================
Received Import Request.
  Time since last request: 2.609570 seconds.
  path: Assets/Prefabs/InvSlotUI.prefab
  artifactKey: Guid(0530bee9f1137e541918a49a2262f025) Importer(815301076,1909f56bfc062723c751e8b465ee728b)
Start importing Assets/Prefabs/InvSlotUI.prefab using Guid(0530bee9f1137e541918a49a2262f025) Importer(815301076,1909f56bfc062723c751e8b465ee728b)  -> (artifact id: '243bc17f581d5e5d067cc48b6f1b6003') in 0.003947 seconds 
========================================================================
Received Import Request.
  Time since last request: 1.199980 seconds.
  path: Assets/Prefabs/InvSlotUI.prefab
  artifactKey: Guid(0530bee9f1137e541918a49a2262f025) Importer(815301076,1909f56bfc062723c751e8b465ee728b)
Start importing Assets/Prefabs/InvSlotUI.prefab using Guid(0530bee9f1137e541918a49a2262f025) Importer(815301076,1909f56bfc062723c751e8b465ee728b)  -> (artifact id: '4545026e1ec3fa3f8802ca94b3184eed') in 0.004032 seconds 
========================================================================
Received Import Request.
  Time since last request: 15.331268 seconds.
  path: Assets/Prefabs/InvSlotUI.prefab
  artifactKey: Guid(0530bee9f1137e541918a49a2262f025) Importer(815301076,1909f56bfc062723c751e8b465ee728b)
Start importing Assets/Prefabs/InvSlotUI.prefab using Guid(0530bee9f1137e541918a49a2262f025) Importer(815301076,1909f56bfc062723c751e8b465ee728b)  -> (artifact id: '4c804fea0a044c1d1a85f6394f79b219') in 0.004250 seconds 
========================================================================
Received Import Request.
  Time since last request: 5.648472 seconds.
  path: Assets/Prefabs/InvSlotUI.prefab
  artifactKey: Guid(0530bee9f1137e541918a49a2262f025) Importer(815301076,1909f56bfc062723c751e8b465ee728b)
Start importing Assets/Prefabs/InvSlotUI.prefab using Guid(0530bee9f1137e541918a49a2262f025) Importer(815301076,1909f56bfc062723c751e8b465ee728b)  -> (artifact id: '9c1c14131c99e8f10fd00eb02f707cd2') in 0.004888 seconds 
========================================================================
Received Import Request.
  Time since last request: 2.817385 seconds.
  path: Assets/Prefabs/InvSlotUI.prefab
  artifactKey: Guid(0530bee9f1137e541918a49a2262f025) Importer(815301076,1909f56bfc062723c751e8b465ee728b)
Start importing Assets/Prefabs/InvSlotUI.prefab using Guid(0530bee9f1137e541918a49a2262f025) Importer(815301076,1909f56bfc062723c751e8b465ee728b)  -> (artifact id: '90174898c006e92161ad34e3984f9f31') in 0.004238 seconds 
========================================================================
Received Import Request.
  Time since last request: 2.814161 seconds.
  path: Assets/Prefabs/InvSlotUI.prefab
  artifactKey: Guid(0530bee9f1137e541918a49a2262f025) Importer(815301076,1909f56bfc062723c751e8b465ee728b)
Start importing Assets/Prefabs/InvSlotUI.prefab using Guid(0530bee9f1137e541918a49a2262f025) Importer(815301076,1909f56bfc062723c751e8b465ee728b)  -> (artifact id: '5b5b69d859d08402ea9b43654ac2bf41') in 0.004641 seconds 
========================================================================
Received Import Request.
  Time since last request: 1.200420 seconds.
  path: Assets/Prefabs/InvSlotUI.prefab
  artifactKey: Guid(0530bee9f1137e541918a49a2262f025) Importer(815301076,1909f56bfc062723c751e8b465ee728b)
Start importing Assets/Prefabs/InvSlotUI.prefab using Guid(0530bee9f1137e541918a49a2262f025) Importer(815301076,1909f56bfc062723c751e8b465ee728b)  -> (artifact id: '2dc9a6bd7f41e42501907ef462e2135f') in 0.004440 seconds 
========================================================================
Received Import Request.
  Time since last request: 3.711590 seconds.
  path: Assets/Prefabs/InvSlotUI.prefab
  artifactKey: Guid(0530bee9f1137e541918a49a2262f025) Importer(815301076,1909f56bfc062723c751e8b465ee728b)
Start importing Assets/Prefabs/InvSlotUI.prefab using Guid(0530bee9f1137e541918a49a2262f025) Importer(815301076,1909f56bfc062723c751e8b465ee728b)  -> (artifact id: '2a75ca3c32599b67326be05e6adbe28e') in 0.004011 seconds 
========================================================================
Received Import Request.
  Time since last request: 3.660936 seconds.
  path: Assets/Prefabs/InvSlotUI.prefab
  artifactKey: Guid(0530bee9f1137e541918a49a2262f025) Importer(815301076,1909f56bfc062723c751e8b465ee728b)
Start importing Assets/Prefabs/InvSlotUI.prefab using Guid(0530bee9f1137e541918a49a2262f025) Importer(815301076,1909f56bfc062723c751e8b465ee728b)  -> (artifact id: '5d86b95a4fdd5ac3e9b7f42afc6457df') in 0.004854 seconds 
========================================================================
Received Import Request.
  Time since last request: 2.406337 seconds.
  path: Assets/Prefabs/InvSlotUI.prefab
  artifactKey: Guid(0530bee9f1137e541918a49a2262f025) Importer(815301076,1909f56bfc062723c751e8b465ee728b)
Start importing Assets/Prefabs/InvSlotUI.prefab using Guid(0530bee9f1137e541918a49a2262f025) Importer(815301076,1909f56bfc062723c751e8b465ee728b)  -> (artifact id: '779febd88b696ac858128115a9321fe5') in 0.004143 seconds 
========================================================================
Received Import Request.
  Time since last request: 6.449643 seconds.
  path: Assets/Prefabs/InvSlotUI.prefab
  artifactKey: Guid(0530bee9f1137e541918a49a2262f025) Importer(815301076,1909f56bfc062723c751e8b465ee728b)
Start importing Assets/Prefabs/InvSlotUI.prefab using Guid(0530bee9f1137e541918a49a2262f025) Importer(815301076,1909f56bfc062723c751e8b465ee728b)  -> (artifact id: '5c282f0e2ff43e6f7e04fd2b397382c3') in 0.004115 seconds 
========================================================================
Received Import Request.
  Time since last request: 4.661853 seconds.
  path: Assets/Prefabs/InvSlotUI.prefab
  artifactKey: Guid(0530bee9f1137e541918a49a2262f025) Importer(815301076,1909f56bfc062723c751e8b465ee728b)
Start importing Assets/Prefabs/InvSlotUI.prefab using Guid(0530bee9f1137e541918a49a2262f025) Importer(815301076,1909f56bfc062723c751e8b465ee728b)  -> (artifact id: '69ff81353a741fc6f05d0d9de3dace3a') in 0.005457 seconds 
========================================================================
Received Import Request.
  Time since last request: 2.228683 seconds.
  path: Assets/Prefabs/InvSlotUI.prefab
  artifactKey: Guid(0530bee9f1137e541918a49a2262f025) Importer(815301076,1909f56bfc062723c751e8b465ee728b)
Start importing Assets/Prefabs/InvSlotUI.prefab using Guid(0530bee9f1137e541918a49a2262f025) Importer(815301076,1909f56bfc062723c751e8b465ee728b)  -> (artifact id: '654eeb2a4c7f67946732253d6af09d55') in 0.004400 seconds 
========================================================================
Received Import Request.
  Time since last request: 1.802864 seconds.
  path: Assets/Prefabs/InvSlotUI.prefab
  artifactKey: Guid(0530bee9f1137e541918a49a2262f025) Importer(815301076,1909f56bfc062723c751e8b465ee728b)
Start importing Assets/Prefabs/InvSlotUI.prefab using Guid(0530bee9f1137e541918a49a2262f025) Importer(815301076,1909f56bfc062723c751e8b465ee728b)  -> (artifact id: '3110b8e0403adbcf4bccd4fe7f94507d') in 0.005246 seconds 
========================================================================
Received Prepare
Registering precompiled user dll's ...
Registered in 0.006645 seconds.
Begin MonoManager ReloadAssembly
Symbol file LoadedFromMemory doesn't match image C:\Users\Melia\Gitrepo\GroupGame\GroupGame\Library\PackageCache\com.unity.visualscripting@1.7.8\Editor\VisualScripting.Core\Dependencies\YamlDotNet\Unity.VisualScripting.YamlDotNet.dll
Symbol file LoadedFromMemory doesn't match image C:\Users\Melia\Gitrepo\GroupGame\GroupGame\Library\PackageCache\com.unity.visualscripting@1.7.8\Editor\VisualScripting.Core\Dependencies\DotNetZip\Unity.VisualScripting.IonicZip.dll
Native extension for WindowsStandalone target not found
Native extension for Android target not found
Refreshing native plugins compatible for Editor in 0.72 ms, found 3 plugins.
Preloading 0 native plugins for Editor in 0.00 ms.
Mono: successfully reloaded assembly
- Completed reload, in  1.029 seconds
Domain Reload Profiling:
	ReloadAssembly (1030ms)
		BeginReloadAssembly (123ms)
			ExecutionOrderSort (0ms)
			DisableScriptedObjects (4ms)
			BackupInstance (0ms)
			ReleaseScriptingObjects (0ms)
			CreateAndSetChildDomain (34ms)
		EndReloadAssembly (810ms)
			LoadAssemblies (75ms)
			RebuildTransferFunctionScriptingTraits (0ms)
			SetupTypeCache (264ms)
				TypeCache.Initialize (258ms)
					TypeCache.ScanAssembly (252ms)
				ResolveRequiredComponents (6ms)
			ReleaseScriptCaches (1ms)
			RebuildScriptCaches (49ms)
			SetupLoadedEditorAssemblies (372ms)
				LogAssemblyErrors (0ms)
				InitializePlatformSupportModulesInManaged (22ms)
				SetLoadedEditorAssemblies (7ms)
				RefreshPlugins (1ms)
				BeforeProcessingInitializeOnLoad (65ms)
				ProcessInitializeOnLoadAttributes (246ms)
				ProcessInitializeOnLoadMethodAttributes (23ms)
				AfterProcessingInitializeOnLoad (9ms)
				EditorAssembliesLoaded (0ms)
			ExecutionOrderSort2 (0ms)
			AwakeInstancesAfterBackupRestoration (5ms)
Platform modules already initialized, skipping
Refreshing native plugins compatible for Editor in 1.98 ms, found 3 plugins.
Preloading 0 native plugins for Editor in 0.00 ms.
Unloading 3599 Unused Serialized files (Serialized files now loaded: 0)
Unloading 20 unused Assets / (96.2 KB). Loaded Objects now: 4160.
Memory consumption went from 0.54 GB to 0.54 GB.
Total: 3.262500 ms (FindLiveObjects: 0.398500 ms CreateObjectMapping: 0.340900 ms MarkObjects: 2.477200 ms  DeleteObjects: 0.044900 ms)

AssetImportParameters requested are different than current active one (requested -> active):
  custom:video-decoder-ogg-theora: a1e56fd34408186e4bbccfd4996cb3dc -> 
  custom:container-muxer-webm: aa71ff27fc2769a1b78a27578f13a17b -> 
  custom:container-demuxer-webm: 4f35f7cbe854078d1ac9338744f61a02 -> 
  custom:video-encoder-webm-vp8: eb34c28f22e8b96e1ab97ce403110664 -> 
  custom:video-codec-MediaFoundation-h265: 746d11721c4dcdbdad8f713fa42b33f4 -> 
  custom:audio-encoder-webm-vorbis: bf7c407c2cedff20999df2af8eb42d56 -> 
  custom:framework-win-MediaFoundation: 216162199b28c13a410421893ffa2e32 -> 
  custom:container-demuxer-ogg: 62fdf1f143b41e24485cea50d1cbac27 -> 
  custom:video-decoder-webm-vp8: 9c59270c3fd7afecdb556c50c9e8de78 -> 
  custom:audio-decoder-ogg-vorbis: bf7c407c2cedff20999df2af8eb42d56 -> 
========================================================================
Received Prepare
Registering precompiled user dll's ...
Registered in 0.006603 seconds.
Begin MonoManager ReloadAssembly
Symbol file LoadedFromMemory doesn't match image C:\Users\Melia\Gitrepo\GroupGame\GroupGame\Library\PackageCache\com.unity.visualscripting@1.7.8\Editor\VisualScripting.Core\Dependencies\YamlDotNet\Unity.VisualScripting.YamlDotNet.dll
Symbol file LoadedFromMemory doesn't match image C:\Users\Melia\Gitrepo\GroupGame\GroupGame\Library\PackageCache\com.unity.visualscripting@1.7.8\Editor\VisualScripting.Core\Dependencies\DotNetZip\Unity.VisualScripting.IonicZip.dll
Native extension for WindowsStandalone target not found
Native extension for Android target not found
Refreshing native plugins compatible for Editor in 1.17 ms, found 3 plugins.
Preloading 0 native plugins for Editor in 0.00 ms.
Mono: successfully reloaded assembly
- Completed reload, in  1.028 seconds
Domain Reload Profiling:
	ReloadAssembly (1028ms)
		BeginReloadAssembly (130ms)
			ExecutionOrderSort (0ms)
			DisableScriptedObjects (5ms)
			BackupInstance (0ms)
			ReleaseScriptingObjects (0ms)
			CreateAndSetChildDomain (35ms)
		EndReloadAssembly (801ms)
			LoadAssemblies (85ms)
			RebuildTransferFunctionScriptingTraits (0ms)
			SetupTypeCache (270ms)
				TypeCache.Initialize (265ms)
					TypeCache.ScanAssembly (259ms)
				ResolveRequiredComponents (6ms)
			ReleaseScriptCaches (1ms)
			RebuildScriptCaches (42ms)
			SetupLoadedEditorAssemblies (361ms)
				LogAssemblyErrors (0ms)
				InitializePlatformSupportModulesInManaged (19ms)
				SetLoadedEditorAssemblies (10ms)
				RefreshPlugins (1ms)
				BeforeProcessingInitializeOnLoad (66ms)
				ProcessInitializeOnLoadAttributes (229ms)
				ProcessInitializeOnLoadMethodAttributes (27ms)
				AfterProcessingInitializeOnLoad (9ms)
				EditorAssembliesLoaded (0ms)
			ExecutionOrderSort2 (0ms)
			AwakeInstancesAfterBackupRestoration (6ms)
Platform modules already initialized, skipping
Refreshing native plugins compatible for Editor in 1.98 ms, found 3 plugins.
Preloading 0 native plugins for Editor in 0.00 ms.
Unloading 3600 Unused Serialized files (Serialized files now loaded: 0)
Unloading 20 unused Assets / (103.3 KB). Loaded Objects now: 4175.
Memory consumption went from 0.54 GB to 0.54 GB.
Total: 3.006600 ms (FindLiveObjects: 0.267400 ms CreateObjectMapping: 0.208500 ms MarkObjects: 2.464200 ms  DeleteObjects: 0.065400 ms)

AssetImportParameters requested are different than current active one (requested -> active):
  custom:video-decoder-ogg-theora: a1e56fd34408186e4bbccfd4996cb3dc -> 
  custom:container-muxer-webm: aa71ff27fc2769a1b78a27578f13a17b -> 
  custom:container-demuxer-webm: 4f35f7cbe854078d1ac9338744f61a02 -> 
  custom:video-encoder-webm-vp8: eb34c28f22e8b96e1ab97ce403110664 -> 
  custom:video-codec-MediaFoundation-h265: 746d11721c4dcdbdad8f713fa42b33f4 -> 
  custom:audio-encoder-webm-vorbis: bf7c407c2cedff20999df2af8eb42d56 -> 
  custom:framework-win-MediaFoundation: 216162199b28c13a410421893ffa2e32 -> 
  custom:container-demuxer-ogg: 62fdf1f143b41e24485cea50d1cbac27 -> 
  custom:video-decoder-webm-vp8: 9c59270c3fd7afecdb556c50c9e8de78 -> 
  custom:audio-decoder-ogg-vorbis: bf7c407c2cedff20999df2af8eb42d56 -> 
========================================================================
Received Import Request.
  Time since last request: 2783.897625 seconds.
  path: Assets/Scripts/Melia_Scripts/Inventory/MouseItemData.cs
  artifactKey: Guid(91cf151ff748eb6468ee49e6a8807b9a) Importer(815301076,1909f56bfc062723c751e8b465ee728b)
Start importing Assets/Scripts/Melia_Scripts/Inventory/MouseItemData.cs using Guid(91cf151ff748eb6468ee49e6a8807b9a) Importer(815301076,1909f56bfc062723c751e8b465ee728b)  -> (artifact id: '1696e1621a808e88e3d93873661e202b') in 0.002308 seconds 
========================================================================
Received Import Request.
  Time since last request: 8.502221 seconds.
  path: Assets/Scripts/Melia_Scripts/Inventory/InventoryDisplay.cs
  artifactKey: Guid(56e8bcfafe675064c8b7128814e36e74) Importer(815301076,1909f56bfc062723c751e8b465ee728b)
Start importing Assets/Scripts/Melia_Scripts/Inventory/InventoryDisplay.cs using Guid(56e8bcfafe675064c8b7128814e36e74) Importer(815301076,1909f56bfc062723c751e8b465ee728b)  -> (artifact id: '4c238ab87efc0c3f1b9fd24be8e7b058') in 0.001209 seconds 
========================================================================
Received Import Request.
  Time since last request: 173.796784 seconds.
  path: Assets/Scripts/Melia_Scripts/Inventory/InventoryDisplay.cs
  artifactKey: Guid(56e8bcfafe675064c8b7128814e36e74) Importer(815301076,1909f56bfc062723c751e8b465ee728b)
Start importing Assets/Scripts/Melia_Scripts/Inventory/InventoryDisplay.cs using Guid(56e8bcfafe675064c8b7128814e36e74) Importer(815301076,1909f56bfc062723c751e8b465ee728b)  -> (artifact id: 'abe6b18e4c8a9531c0556907dddd4e87') in 0.001648 seconds 
========================================================================
Received Import Request.
  Time since last request: 64.199196 seconds.
  path: Assets/Scripts/Melia_Scripts/Inventory/StaticInventoryDisplay.cs
  artifactKey: Guid(4e0f09030c91a714595462316e138618) Importer(815301076,1909f56bfc062723c751e8b465ee728b)
Start importing Assets/Scripts/Melia_Scripts/Inventory/StaticInventoryDisplay.cs using Guid(4e0f09030c91a714595462316e138618) Importer(815301076,1909f56bfc062723c751e8b465ee728b)  -> (artifact id: '600c99382b9ded22d434063f87761850') in 0.001333 seconds 
========================================================================
Received Prepare
Registering precompiled user dll's ...
Registered in 0.005496 seconds.
Begin MonoManager ReloadAssembly
Symbol file LoadedFromMemory doesn't match image C:\Users\Melia\Gitrepo\GroupGame\GroupGame\Library\PackageCache\com.unity.visualscripting@1.7.8\Editor\VisualScripting.Core\Dependencies\YamlDotNet\Unity.VisualScripting.YamlDotNet.dll
Symbol file LoadedFromMemory doesn't match image C:\Users\Melia\Gitrepo\GroupGame\GroupGame\Library\PackageCache\com.unity.visualscripting@1.7.8\Editor\VisualScripting.Core\Dependencies\DotNetZip\Unity.VisualScripting.IonicZip.dll
Native extension for WindowsStandalone target not found
Native extension for Android target not found
Refreshing native plugins compatible for Editor in 0.58 ms, found 3 plugins.
Preloading 0 native plugins for Editor in 0.00 ms.
Mono: successfully reloaded assembly
- Completed reload, in  1.013 seconds
Domain Reload Profiling:
	ReloadAssembly (1014ms)
		BeginReloadAssembly (120ms)
			ExecutionOrderSort (0ms)
			DisableScriptedObjects (4ms)
			BackupInstance (0ms)
			ReleaseScriptingObjects (0ms)
			CreateAndSetChildDomain (32ms)
		EndReloadAssembly (797ms)
			LoadAssemblies (75ms)
			RebuildTransferFunctionScriptingTraits (0ms)
			SetupTypeCache (279ms)
				TypeCache.Initialize (270ms)
					TypeCache.ScanAssembly (265ms)
				ResolveRequiredComponents (9ms)
			ReleaseScriptCaches (2ms)
			RebuildScriptCaches (52ms)
			SetupLoadedEditorAssemblies (330ms)
				LogAssemblyErrors (0ms)
				InitializePlatformSupportModulesInManaged (19ms)
				SetLoadedEditorAssemblies (6ms)
				RefreshPlugins (1ms)
				BeforeProcessingInitializeOnLoad (57ms)
				ProcessInitializeOnLoadAttributes (218ms)
				ProcessInitializeOnLoadMethodAttributes (23ms)
				AfterProcessingInitializeOnLoad (7ms)
				EditorAssembliesLoaded (0ms)
			ExecutionOrderSort2 (0ms)
			AwakeInstancesAfterBackupRestoration (5ms)
Platform modules already initialized, skipping
Refreshing native plugins compatible for Editor in 1.68 ms, found 3 plugins.
Preloading 0 native plugins for Editor in 0.00 ms.
Unloading 3599 Unused Serialized files (Serialized files now loaded: 0)
Unloading 20 unused Assets / (96.2 KB). Loaded Objects now: 4190.
Memory consumption went from 0.54 GB to 0.54 GB.
Total: 3.078600 ms (FindLiveObjects: 0.257800 ms CreateObjectMapping: 0.201600 ms MarkObjects: 2.584200 ms  DeleteObjects: 0.034200 ms)

AssetImportParameters requested are different than current active one (requested -> active):
  custom:video-decoder-ogg-theora: a1e56fd34408186e4bbccfd4996cb3dc -> 
  custom:container-muxer-webm: aa71ff27fc2769a1b78a27578f13a17b -> 
  custom:container-demuxer-webm: 4f35f7cbe854078d1ac9338744f61a02 -> 
  custom:video-encoder-webm-vp8: eb34c28f22e8b96e1ab97ce403110664 -> 
  custom:video-codec-MediaFoundation-h265: 746d11721c4dcdbdad8f713fa42b33f4 -> 
  custom:audio-encoder-webm-vorbis: bf7c407c2cedff20999df2af8eb42d56 -> 
  custom:framework-win-MediaFoundation: 216162199b28c13a410421893ffa2e32 -> 
  custom:container-demuxer-ogg: 62fdf1f143b41e24485cea50d1cbac27 -> 
  custom:video-decoder-webm-vp8: 9c59270c3fd7afecdb556c50c9e8de78 -> 
  custom:audio-decoder-ogg-vorbis: bf7c407c2cedff20999df2af8eb42d56 -> 
========================================================================
Received Prepare
Registering precompiled user dll's ...
Registered in 0.005113 seconds.
Begin MonoManager ReloadAssembly
Symbol file LoadedFromMemory doesn't match image C:\Users\Melia\Gitrepo\GroupGame\GroupGame\Library\PackageCache\com.unity.visualscripting@1.7.8\Editor\VisualScripting.Core\Dependencies\YamlDotNet\Unity.VisualScripting.YamlDotNet.dll
Symbol file LoadedFromMemory doesn't match image C:\Users\Melia\Gitrepo\GroupGame\GroupGame\Library\PackageCache\com.unity.visualscripting@1.7.8\Editor\VisualScripting.Core\Dependencies\DotNetZip\Unity.VisualScripting.IonicZip.dll
Native extension for WindowsStandalone target not found
Native extension for Android target not found
Refreshing native plugins compatible for Editor in 0.77 ms, found 3 plugins.
Preloading 0 native plugins for Editor in 0.00 ms.
Mono: successfully reloaded assembly
- Completed reload, in  1.002 seconds
Domain Reload Profiling:
	ReloadAssembly (1003ms)
		BeginReloadAssembly (115ms)
			ExecutionOrderSort (0ms)
			DisableScriptedObjects (4ms)
			BackupInstance (0ms)
			ReleaseScriptingObjects (0ms)
			CreateAndSetChildDomain (30ms)
		EndReloadAssembly (792ms)
			LoadAssemblies (77ms)
			RebuildTransferFunctionScriptingTraits (0ms)
			SetupTypeCache (256ms)
				TypeCache.Initialize (251ms)
					TypeCache.ScanAssembly (245ms)
				ResolveRequiredComponents (5ms)
			ReleaseScriptCaches (2ms)
			RebuildScriptCaches (47ms)
			SetupLoadedEditorAssemblies (354ms)
				LogAssemblyErrors (0ms)
				InitializePlatformSupportModulesInManaged (18ms)
				SetLoadedEditorAssemblies (6ms)
				RefreshPlugins (1ms)
				BeforeProcessingInitializeOnLoad (62ms)
				ProcessInitializeOnLoadAttributes (233ms)
				ProcessInitializeOnLoadMethodAttributes (26ms)
				AfterProcessingInitializeOnLoad (8ms)
				EditorAssembliesLoaded (0ms)
			ExecutionOrderSort2 (0ms)
			AwakeInstancesAfterBackupRestoration (5ms)
Platform modules already initialized, skipping
Refreshing native plugins compatible for Editor in 2.82 ms, found 3 plugins.
Preloading 0 native plugins for Editor in 0.00 ms.
Unloading 3600 Unused Serialized files (Serialized files now loaded: 0)
Unloading 20 unused Assets / (103.4 KB). Loaded Objects now: 4205.
Memory consumption went from 0.54 GB to 0.54 GB.
Total: 3.802600 ms (FindLiveObjects: 0.276500 ms CreateObjectMapping: 0.252000 ms MarkObjects: 3.229400 ms  DeleteObjects: 0.043600 ms)

AssetImportParameters requested are different than current active one (requested -> active):
  custom:video-decoder-ogg-theora: a1e56fd34408186e4bbccfd4996cb3dc -> 
  custom:container-muxer-webm: aa71ff27fc2769a1b78a27578f13a17b -> 
  custom:container-demuxer-webm: 4f35f7cbe854078d1ac9338744f61a02 -> 
  custom:video-encoder-webm-vp8: eb34c28f22e8b96e1ab97ce403110664 -> 
  custom:video-codec-MediaFoundation-h265: 746d11721c4dcdbdad8f713fa42b33f4 -> 
  custom:audio-encoder-webm-vorbis: bf7c407c2cedff20999df2af8eb42d56 -> 
  custom:framework-win-MediaFoundation: 216162199b28c13a410421893ffa2e32 -> 
  custom:container-demuxer-ogg: 62fdf1f143b41e24485cea50d1cbac27 -> 
  custom:video-decoder-webm-vp8: 9c59270c3fd7afecdb556c50c9e8de78 -> 
  custom:audio-decoder-ogg-vorbis: bf7c407c2cedff20999df2af8eb42d56 -> 
========================================================================
Received Import Request.
  Time since last request: 10249.841817 seconds.
  path: Assets/Scripts/Melia_Scripts/GameobjectInteractionBehaviour.cs
  artifactKey: Guid(a396ae8c58fec0f428258ab2f8e29d5d) Importer(815301076,1909f56bfc062723c751e8b465ee728b)
Start importing Assets/Scripts/Melia_Scripts/GameobjectInteractionBehaviour.cs using Guid(a396ae8c58fec0f428258ab2f8e29d5d) Importer(815301076,1909f56bfc062723c751e8b465ee728b)  -> (artifact id: 'be1768c8381c692e6414f20f391c8717') in 0.114334 seconds 
========================================================================
Received Prepare
Registering precompiled user dll's ...
Registered in 0.005814 seconds.
Begin MonoManager ReloadAssembly
Symbol file LoadedFromMemory doesn't match image C:\Users\Melia\Gitrepo\GroupGame\GroupGame\Library\PackageCache\com.unity.visualscripting@1.7.8\Editor\VisualScripting.Core\Dependencies\YamlDotNet\Unity.VisualScripting.YamlDotNet.dll
Symbol file LoadedFromMemory doesn't match image C:\Users\Melia\Gitrepo\GroupGame\GroupGame\Library\PackageCache\com.unity.visualscripting@1.7.8\Editor\VisualScripting.Core\Dependencies\DotNetZip\Unity.VisualScripting.IonicZip.dll
Native extension for WindowsStandalone target not found
Native extension for Android target not found
Refreshing native plugins compatible for Editor in 1.23 ms, found 3 plugins.
Preloading 0 native plugins for Editor in 0.00 ms.
Mono: successfully reloaded assembly
- Completed reload, in  1.133 seconds
Domain Reload Profiling:
	ReloadAssembly (1134ms)
		BeginReloadAssembly (250ms)
			ExecutionOrderSort (0ms)
			DisableScriptedObjects (17ms)
			BackupInstance (0ms)
			ReleaseScriptingObjects (0ms)
			CreateAndSetChildDomain (99ms)
		EndReloadAssembly (786ms)
			LoadAssemblies (100ms)
			RebuildTransferFunctionScriptingTraits (0ms)
			SetupTypeCache (275ms)
				TypeCache.Initialize (269ms)
					TypeCache.ScanAssembly (260ms)
				ResolveRequiredComponents (6ms)
			ReleaseScriptCaches (1ms)
			RebuildScriptCaches (38ms)
			SetupLoadedEditorAssemblies (353ms)
				LogAssemblyErrors (0ms)
				InitializePlatformSupportModulesInManaged (26ms)
				SetLoadedEditorAssemblies (7ms)
				RefreshPlugins (1ms)
				BeforeProcessingInitializeOnLoad (67ms)
				ProcessInitializeOnLoadAttributes (219ms)
				ProcessInitializeOnLoadMethodAttributes (26ms)
				AfterProcessingInitializeOnLoad (7ms)
				EditorAssembliesLoaded (0ms)
			ExecutionOrderSort2 (0ms)
			AwakeInstancesAfterBackupRestoration (5ms)
Platform modules already initialized, skipping
Refreshing native plugins compatible for Editor in 2.10 ms, found 3 plugins.
Preloading 0 native plugins for Editor in 0.00 ms.
Unloading 3600 Unused Serialized files (Serialized files now loaded: 0)
Unloading 20 unused Assets / (96.2 KB). Loaded Objects now: 4221.
Memory consumption went from 0.54 GB to 0.54 GB.
Total: 3.656500 ms (FindLiveObjects: 0.286700 ms CreateObjectMapping: 0.219600 ms MarkObjects: 2.893000 ms  DeleteObjects: 0.256400 ms)

AssetImportParameters requested are different than current active one (requested -> active):
  custom:video-decoder-ogg-theora: a1e56fd34408186e4bbccfd4996cb3dc -> 
  custom:container-muxer-webm: aa71ff27fc2769a1b78a27578f13a17b -> 
  custom:container-demuxer-webm: 4f35f7cbe854078d1ac9338744f61a02 -> 
  custom:video-encoder-webm-vp8: eb34c28f22e8b96e1ab97ce403110664 -> 
  custom:video-codec-MediaFoundation-h265: 746d11721c4dcdbdad8f713fa42b33f4 -> 
  custom:audio-encoder-webm-vorbis: bf7c407c2cedff20999df2af8eb42d56 -> 
  custom:framework-win-MediaFoundation: 216162199b28c13a410421893ffa2e32 -> 
  custom:container-demuxer-ogg: 62fdf1f143b41e24485cea50d1cbac27 -> 
  custom:video-decoder-webm-vp8: 9c59270c3fd7afecdb556c50c9e8de78 -> 
  custom:audio-decoder-ogg-vorbis: bf7c407c2cedff20999df2af8eb42d56 -> 
========================================================================
Received Prepare
Registering precompiled user dll's ...
Registered in 0.004930 seconds.
Begin MonoManager ReloadAssembly
Symbol file LoadedFromMemory doesn't match image C:\Users\Melia\Gitrepo\GroupGame\GroupGame\Library\PackageCache\com.unity.visualscripting@1.7.8\Editor\VisualScripting.Core\Dependencies\YamlDotNet\Unity.VisualScripting.YamlDotNet.dll
Symbol file LoadedFromMemory doesn't match image C:\Users\Melia\Gitrepo\GroupGame\GroupGame\Library\PackageCache\com.unity.visualscripting@1.7.8\Editor\VisualScripting.Core\Dependencies\DotNetZip\Unity.VisualScripting.IonicZip.dll
Native extension for WindowsStandalone target not found
Native extension for Android target not found
Refreshing native plugins compatible for Editor in 0.60 ms, found 3 plugins.
Preloading 0 native plugins for Editor in 0.00 ms.
Mono: successfully reloaded assembly
- Completed reload, in  0.969 seconds
Domain Reload Profiling:
	ReloadAssembly (969ms)
		BeginReloadAssembly (114ms)
			ExecutionOrderSort (0ms)
			DisableScriptedObjects (4ms)
			BackupInstance (0ms)
			ReleaseScriptingObjects (0ms)
			CreateAndSetChildDomain (30ms)
		EndReloadAssembly (756ms)
			LoadAssemblies (75ms)
			RebuildTransferFunctionScriptingTraits (0ms)
			SetupTypeCache (258ms)
				TypeCache.Initialize (253ms)
					TypeCache.ScanAssembly (248ms)
				ResolveRequiredComponents (5ms)
			ReleaseScriptCaches (1ms)
			RebuildScriptCaches (43ms)
			SetupLoadedEditorAssemblies (333ms)
				LogAssemblyErrors (0ms)
				InitializePlatformSupportModulesInManaged (18ms)
				SetLoadedEditorAssemblies (6ms)
				RefreshPlugins (1ms)
				BeforeProcessingInitializeOnLoad (73ms)
				ProcessInitializeOnLoadAttributes (205ms)
				ProcessInitializeOnLoadMethodAttributes (22ms)
				AfterProcessingInitializeOnLoad (7ms)
				EditorAssembliesLoaded (0ms)
			ExecutionOrderSort2 (0ms)
			AwakeInstancesAfterBackupRestoration (5ms)
Platform modules already initialized, skipping
Refreshing native plugins compatible for Editor in 1.74 ms, found 3 plugins.
Preloading 0 native plugins for Editor in 0.00 ms.
Unloading 3601 Unused Serialized files (Serialized files now loaded: 0)
Unloading 20 unused Assets / (103.2 KB). Loaded Objects now: 4236.
Memory consumption went from 0.54 GB to 0.54 GB.
Total: 2.694700 ms (FindLiveObjects: 0.246200 ms CreateObjectMapping: 0.210200 ms MarkObjects: 2.188600 ms  DeleteObjects: 0.048900 ms)

AssetImportParameters requested are different than current active one (requested -> active):
  custom:video-decoder-ogg-theora: a1e56fd34408186e4bbccfd4996cb3dc -> 
  custom:container-muxer-webm: aa71ff27fc2769a1b78a27578f13a17b -> 
  custom:container-demuxer-webm: 4f35f7cbe854078d1ac9338744f61a02 -> 
  custom:video-encoder-webm-vp8: eb34c28f22e8b96e1ab97ce403110664 -> 
  custom:video-codec-MediaFoundation-h265: 746d11721c4dcdbdad8f713fa42b33f4 -> 
  custom:audio-encoder-webm-vorbis: bf7c407c2cedff20999df2af8eb42d56 -> 
  custom:framework-win-MediaFoundation: 216162199b28c13a410421893ffa2e32 -> 
  custom:container-demuxer-ogg: 62fdf1f143b41e24485cea50d1cbac27 -> 
  custom:video-decoder-webm-vp8: 9c59270c3fd7afecdb556c50c9e8de78 -> 
  custom:audio-decoder-ogg-vorbis: bf7c407c2cedff20999df2af8eb42d56 -> 
========================================================================
Received Prepare
Registering precompiled user dll's ...
Registered in 0.005172 seconds.
Begin MonoManager ReloadAssembly
Symbol file LoadedFromMemory doesn't match image C:\Users\Melia\Gitrepo\GroupGame\GroupGame\Library\PackageCache\com.unity.visualscripting@1.7.8\Editor\VisualScripting.Core\Dependencies\YamlDotNet\Unity.VisualScripting.YamlDotNet.dll
Symbol file LoadedFromMemory doesn't match image C:\Users\Melia\Gitrepo\GroupGame\GroupGame\Library\PackageCache\com.unity.visualscripting@1.7.8\Editor\VisualScripting.Core\Dependencies\DotNetZip\Unity.VisualScripting.IonicZip.dll
Native extension for WindowsStandalone target not found
Native extension for Android target not found
Refreshing native plugins compatible for Editor in 0.59 ms, found 3 plugins.
Preloading 0 native plugins for Editor in 0.00 ms.
Mono: successfully reloaded assembly
- Completed reload, in  1.006 seconds
Domain Reload Profiling:
	ReloadAssembly (1007ms)
		BeginReloadAssembly (117ms)
			ExecutionOrderSort (0ms)
			DisableScriptedObjects (4ms)
			BackupInstance (0ms)
			ReleaseScriptingObjects (0ms)
			CreateAndSetChildDomain (29ms)
		EndReloadAssembly (785ms)
			LoadAssemblies (75ms)
			RebuildTransferFunctionScriptingTraits (0ms)
			SetupTypeCache (265ms)
				TypeCache.Initialize (259ms)
					TypeCache.ScanAssembly (254ms)
				ResolveRequiredComponents (5ms)
			ReleaseScriptCaches (1ms)
			RebuildScriptCaches (42ms)
			SetupLoadedEditorAssemblies (353ms)
				LogAssemblyErrors (0ms)
				InitializePlatformSupportModulesInManaged (19ms)
				SetLoadedEditorAssemblies (6ms)
				RefreshPlugins (1ms)
				BeforeProcessingInitializeOnLoad (60ms)
				ProcessInitializeOnLoadAttributes (231ms)
				ProcessInitializeOnLoadMethodAttributes (26ms)
				AfterProcessingInitializeOnLoad (9ms)
				EditorAssembliesLoaded (0ms)
			ExecutionOrderSort2 (0ms)
			AwakeInstancesAfterBackupRestoration (6ms)
Platform modules already initialized, skipping
Refreshing native plugins compatible for Editor in 1.81 ms, found 3 plugins.
Preloading 0 native plugins for Editor in 0.00 ms.
Unloading 3601 Unused Serialized files (Serialized files now loaded: 0)
Unloading 20 unused Assets / (103.3 KB). Loaded Objects now: 4251.
Memory consumption went from 0.54 GB to 0.54 GB.
Total: 2.870900 ms (FindLiveObjects: 0.276000 ms CreateObjectMapping: 0.202700 ms MarkObjects: 2.337500 ms  DeleteObjects: 0.053900 ms)

AssetImportParameters requested are different than current active one (requested -> active):
  custom:video-decoder-ogg-theora: a1e56fd34408186e4bbccfd4996cb3dc -> 
  custom:container-muxer-webm: aa71ff27fc2769a1b78a27578f13a17b -> 
  custom:container-demuxer-webm: 4f35f7cbe854078d1ac9338744f61a02 -> 
  custom:video-encoder-webm-vp8: eb34c28f22e8b96e1ab97ce403110664 -> 
  custom:video-codec-MediaFoundation-h265: 746d11721c4dcdbdad8f713fa42b33f4 -> 
  custom:audio-encoder-webm-vorbis: bf7c407c2cedff20999df2af8eb42d56 -> 
  custom:framework-win-MediaFoundation: 216162199b28c13a410421893ffa2e32 -> 
  custom:container-demuxer-ogg: 62fdf1f143b41e24485cea50d1cbac27 -> 
  custom:video-decoder-webm-vp8: 9c59270c3fd7afecdb556c50c9e8de78 -> 
  custom:audio-decoder-ogg-vorbis: bf7c407c2cedff20999df2af8eb42d56 -> 
========================================================================
Received Import Request.
  Time since last request: 133.723807 seconds.
  path: Assets/Scripts/Melia_Scripts/GameobjectInteractionBehaviour.cs
  artifactKey: Guid(a396ae8c58fec0f428258ab2f8e29d5d) Importer(815301076,1909f56bfc062723c751e8b465ee728b)
Start importing Assets/Scripts/Melia_Scripts/GameobjectInteractionBehaviour.cs using Guid(a396ae8c58fec0f428258ab2f8e29d5d) Importer(815301076,1909f56bfc062723c751e8b465ee728b)  -> (artifact id: '198379a5e234a5bf1383816a84479842') in 0.002722 seconds 
========================================================================
Received Prepare
Registering precompiled user dll's ...
Registered in 0.005462 seconds.
Begin MonoManager ReloadAssembly
Symbol file LoadedFromMemory doesn't match image C:\Users\Melia\Gitrepo\GroupGame\GroupGame\Library\PackageCache\com.unity.visualscripting@1.7.8\Editor\VisualScripting.Core\Dependencies\YamlDotNet\Unity.VisualScripting.YamlDotNet.dll
Symbol file LoadedFromMemory doesn't match image C:\Users\Melia\Gitrepo\GroupGame\GroupGame\Library\PackageCache\com.unity.visualscripting@1.7.8\Editor\VisualScripting.Core\Dependencies\DotNetZip\Unity.VisualScripting.IonicZip.dll
Native extension for WindowsStandalone target not found
Native extension for Android target not found
Refreshing native plugins compatible for Editor in 0.93 ms, found 3 plugins.
Preloading 0 native plugins for Editor in 0.00 ms.
Mono: successfully reloaded assembly
- Completed reload, in  0.992 seconds
Domain Reload Profiling:
	ReloadAssembly (993ms)
		BeginReloadAssembly (114ms)
			ExecutionOrderSort (0ms)
			DisableScriptedObjects (4ms)
			BackupInstance (0ms)
			ReleaseScriptingObjects (0ms)
			CreateAndSetChildDomain (29ms)
		EndReloadAssembly (784ms)
			LoadAssemblies (74ms)
			RebuildTransferFunctionScriptingTraits (0ms)
			SetupTypeCache (252ms)
				TypeCache.Initialize (247ms)
					TypeCache.ScanAssembly (241ms)
				ResolveRequiredComponents (5ms)
			ReleaseScriptCaches (1ms)
			RebuildScriptCaches (39ms)
			SetupLoadedEditorAssemblies (363ms)
				LogAssemblyErrors (0ms)
				InitializePlatformSupportModulesInManaged (22ms)
				SetLoadedEditorAssemblies (7ms)
				RefreshPlugins (1ms)
				BeforeProcessingInitializeOnLoad (65ms)
				ProcessInitializeOnLoadAttributes (232ms)
				ProcessInitializeOnLoadMethodAttributes (28ms)
				AfterProcessingInitializeOnLoad (8ms)
				EditorAssembliesLoaded (0ms)
			ExecutionOrderSort2 (0ms)
			AwakeInstancesAfterBackupRestoration (6ms)
Platform modules already initialized, skipping
Refreshing native plugins compatible for Editor in 2.07 ms, found 3 plugins.
Preloading 0 native plugins for Editor in 0.00 ms.
Unloading 3600 Unused Serialized files (Serialized files now loaded: 0)
Unloading 20 unused Assets / (96.1 KB). Loaded Objects now: 4266.
Memory consumption went from 0.54 GB to 0.54 GB.
Total: 3.382400 ms (FindLiveObjects: 0.286600 ms CreateObjectMapping: 0.326400 ms MarkObjects: 2.722700 ms  DeleteObjects: 0.045500 ms)

AssetImportParameters requested are different than current active one (requested -> active):
  custom:video-decoder-ogg-theora: a1e56fd34408186e4bbccfd4996cb3dc -> 
  custom:container-muxer-webm: aa71ff27fc2769a1b78a27578f13a17b -> 
  custom:container-demuxer-webm: 4f35f7cbe854078d1ac9338744f61a02 -> 
  custom:video-encoder-webm-vp8: eb34c28f22e8b96e1ab97ce403110664 -> 
  custom:video-codec-MediaFoundation-h265: 746d11721c4dcdbdad8f713fa42b33f4 -> 
  custom:audio-encoder-webm-vorbis: bf7c407c2cedff20999df2af8eb42d56 -> 
  custom:framework-win-MediaFoundation: 216162199b28c13a410421893ffa2e32 -> 
  custom:container-demuxer-ogg: 62fdf1f143b41e24485cea50d1cbac27 -> 
  custom:video-decoder-webm-vp8: 9c59270c3fd7afecdb556c50c9e8de78 -> 
  custom:audio-decoder-ogg-vorbis: bf7c407c2cedff20999df2af8eb42d56 -> 
========================================================================
Received Prepare
Registering precompiled user dll's ...
Registered in 0.006177 seconds.
Begin MonoManager ReloadAssembly
Symbol file LoadedFromMemory doesn't match image C:\Users\Melia\Gitrepo\GroupGame\GroupGame\Library\PackageCache\com.unity.visualscripting@1.7.8\Editor\VisualScripting.Core\Dependencies\YamlDotNet\Unity.VisualScripting.YamlDotNet.dll
Symbol file LoadedFromMemory doesn't match image C:\Users\Melia\Gitrepo\GroupGame\GroupGame\Library\PackageCache\com.unity.visualscripting@1.7.8\Editor\VisualScripting.Core\Dependencies\DotNetZip\Unity.VisualScripting.IonicZip.dll
Native extension for WindowsStandalone target not found
Native extension for Android target not found
Refreshing native plugins compatible for Editor in 0.66 ms, found 3 plugins.
Preloading 0 native plugins for Editor in 0.00 ms.
Mono: successfully reloaded assembly
- Completed reload, in  0.998 seconds
Domain Reload Profiling:
	ReloadAssembly (998ms)
		BeginReloadAssembly (116ms)
			ExecutionOrderSort (0ms)
			DisableScriptedObjects (4ms)
			BackupInstance (0ms)
			ReleaseScriptingObjects (0ms)
			CreateAndSetChildDomain (30ms)
		EndReloadAssembly (791ms)
			LoadAssemblies (78ms)
			RebuildTransferFunctionScriptingTraits (0ms)
			SetupTypeCache (259ms)
				TypeCache.Initialize (254ms)
					TypeCache.ScanAssembly (248ms)
				ResolveRequiredComponents (5ms)
			ReleaseScriptCaches (1ms)
			RebuildScriptCaches (50ms)
			SetupLoadedEditorAssemblies (351ms)
				LogAssemblyErrors (0ms)
				InitializePlatformSupportModulesInManaged (19ms)
				SetLoadedEditorAssemblies (6ms)
				RefreshPlugins (1ms)
				BeforeProcessingInitializeOnLoad (62ms)
				ProcessInitializeOnLoadAttributes (227ms)
				ProcessInitializeOnLoadMethodAttributes (28ms)
				AfterProcessingInitializeOnLoad (8ms)
				EditorAssembliesLoaded (0ms)
			ExecutionOrderSort2 (0ms)
			AwakeInstancesAfterBackupRestoration (6ms)
Platform modules already initialized, skipping
Refreshing native plugins compatible for Editor in 1.92 ms, found 3 plugins.
Preloading 0 native plugins for Editor in 0.00 ms.
Unloading 3601 Unused Serialized files (Serialized files now loaded: 0)
Unloading 20 unused Assets / (103.2 KB). Loaded Objects now: 4281.
Memory consumption went from 0.54 GB to 0.54 GB.
Total: 2.972000 ms (FindLiveObjects: 0.286100 ms CreateObjectMapping: 0.234600 ms MarkObjects: 2.407600 ms  DeleteObjects: 0.042900 ms)

AssetImportParameters requested are different than current active one (requested -> active):
  custom:video-decoder-ogg-theora: a1e56fd34408186e4bbccfd4996cb3dc -> 
  custom:container-muxer-webm: aa71ff27fc2769a1b78a27578f13a17b -> 
  custom:container-demuxer-webm: 4f35f7cbe854078d1ac9338744f61a02 -> 
  custom:video-encoder-webm-vp8: eb34c28f22e8b96e1ab97ce403110664 -> 
  custom:video-codec-MediaFoundation-h265: 746d11721c4dcdbdad8f713fa42b33f4 -> 
  custom:audio-encoder-webm-vorbis: bf7c407c2cedff20999df2af8eb42d56 -> 
  custom:framework-win-MediaFoundation: 216162199b28c13a410421893ffa2e32 -> 
  custom:container-demuxer-ogg: 62fdf1f143b41e24485cea50d1cbac27 -> 
  custom:video-decoder-webm-vp8: 9c59270c3fd7afecdb556c50c9e8de78 -> 
  custom:audio-decoder-ogg-vorbis: bf7c407c2cedff20999df2af8eb42d56 -> 
========================================================================
Received Prepare
Registering precompiled user dll's ...
Registered in 0.006838 seconds.
Begin MonoManager ReloadAssembly
Symbol file LoadedFromMemory doesn't match image C:\Users\Melia\Gitrepo\GroupGame\GroupGame\Library\PackageCache\com.unity.visualscripting@1.7.8\Editor\VisualScripting.Core\Dependencies\YamlDotNet\Unity.VisualScripting.YamlDotNet.dll
Symbol file LoadedFromMemory doesn't match image C:\Users\Melia\Gitrepo\GroupGame\GroupGame\Library\PackageCache\com.unity.visualscripting@1.7.8\Editor\VisualScripting.Core\Dependencies\DotNetZip\Unity.VisualScripting.IonicZip.dll
Native extension for WindowsStandalone target not found
Native extension for Android target not found
Refreshing native plugins compatible for Editor in 0.62 ms, found 3 plugins.
Preloading 0 native plugins for Editor in 0.00 ms.
Mono: successfully reloaded assembly
- Completed reload, in  0.998 seconds
Domain Reload Profiling:
	ReloadAssembly (999ms)
		BeginReloadAssembly (125ms)
			ExecutionOrderSort (0ms)
			DisableScriptedObjects (6ms)
			BackupInstance (0ms)
			ReleaseScriptingObjects (0ms)
			CreateAndSetChildDomain (31ms)
		EndReloadAssembly (780ms)
			LoadAssemblies (87ms)
			RebuildTransferFunctionScriptingTraits (0ms)
			SetupTypeCache (272ms)
				TypeCache.Initialize (267ms)
					TypeCache.ScanAssembly (260ms)
				ResolveRequiredComponents (5ms)
			ReleaseScriptCaches (1ms)
			RebuildScriptCaches (41ms)
			SetupLoadedEditorAssemblies (337ms)
				LogAssemblyErrors (0ms)
				InitializePlatformSupportModulesInManaged (20ms)
				SetLoadedEditorAssemblies (6ms)
				RefreshPlugins (1ms)
				BeforeProcessingInitializeOnLoad (65ms)
				ProcessInitializeOnLoadAttributes (210ms)
				ProcessInitializeOnLoadMethodAttributes (29ms)
				AfterProcessingInitializeOnLoad (7ms)
				EditorAssembliesLoaded (0ms)
			ExecutionOrderSort2 (0ms)
			AwakeInstancesAfterBackupRestoration (5ms)
Platform modules already initialized, skipping
Refreshing native plugins compatible for Editor in 1.75 ms, found 3 plugins.
Preloading 0 native plugins for Editor in 0.00 ms.
Unloading 3601 Unused Serialized files (Serialized files now loaded: 0)
Unloading 20 unused Assets / (103.3 KB). Loaded Objects now: 4296.
Memory consumption went from 0.54 GB to 0.54 GB.
Total: 3.250700 ms (FindLiveObjects: 0.247900 ms CreateObjectMapping: 0.225300 ms MarkObjects: 2.380600 ms  DeleteObjects: 0.396200 ms)

AssetImportParameters requested are different than current active one (requested -> active):
  custom:video-decoder-ogg-theora: a1e56fd34408186e4bbccfd4996cb3dc -> 
  custom:container-muxer-webm: aa71ff27fc2769a1b78a27578f13a17b -> 
  custom:container-demuxer-webm: 4f35f7cbe854078d1ac9338744f61a02 -> 
  custom:video-encoder-webm-vp8: eb34c28f22e8b96e1ab97ce403110664 -> 
  custom:video-codec-MediaFoundation-h265: 746d11721c4dcdbdad8f713fa42b33f4 -> 
  custom:audio-encoder-webm-vorbis: bf7c407c2cedff20999df2af8eb42d56 -> 
  custom:framework-win-MediaFoundation: 216162199b28c13a410421893ffa2e32 -> 
  custom:container-demuxer-ogg: 62fdf1f143b41e24485cea50d1cbac27 -> 
  custom:video-decoder-webm-vp8: 9c59270c3fd7afecdb556c50c9e8de78 -> 
  custom:audio-decoder-ogg-vorbis: bf7c407c2cedff20999df2af8eb42d56 -> 
========================================================================
Received Prepare
Registering precompiled user dll's ...
Registered in 0.005155 seconds.
Begin MonoManager ReloadAssembly
Symbol file LoadedFromMemory doesn't match image C:\Users\Melia\Gitrepo\GroupGame\GroupGame\Library\PackageCache\com.unity.visualscripting@1.7.8\Editor\VisualScripting.Core\Dependencies\YamlDotNet\Unity.VisualScripting.YamlDotNet.dll
Symbol file LoadedFromMemory doesn't match image C:\Users\Melia\Gitrepo\GroupGame\GroupGame\Library\PackageCache\com.unity.visualscripting@1.7.8\Editor\VisualScripting.Core\Dependencies\DotNetZip\Unity.VisualScripting.IonicZip.dll
Native extension for WindowsStandalone target not found
Native extension for Android target not found
Refreshing native plugins compatible for Editor in 0.54 ms, found 3 plugins.
Preloading 0 native plugins for Editor in 0.00 ms.
Mono: successfully reloaded assembly
- Completed reload, in  0.980 seconds
Domain Reload Profiling:
	ReloadAssembly (980ms)
		BeginReloadAssembly (115ms)
			ExecutionOrderSort (0ms)
			DisableScriptedObjects (4ms)
			BackupInstance (0ms)
			ReleaseScriptingObjects (0ms)
			CreateAndSetChildDomain (28ms)
		EndReloadAssembly (768ms)
			LoadAssemblies (74ms)
			RebuildTransferFunctionScriptingTraits (0ms)
			SetupTypeCache (278ms)
				TypeCache.Initialize (272ms)
					TypeCache.ScanAssembly (265ms)
				ResolveRequiredComponents (6ms)
			ReleaseScriptCaches (2ms)
			RebuildScriptCaches (48ms)
			SetupLoadedEditorAssemblies (316ms)
				LogAssemblyErrors (0ms)
				InitializePlatformSupportModulesInManaged (18ms)
				SetLoadedEditorAssemblies (6ms)
				RefreshPlugins (1ms)
				BeforeProcessingInitializeOnLoad (58ms)
				ProcessInitializeOnLoadAttributes (205ms)
				ProcessInitializeOnLoadMethodAttributes (21ms)
				AfterProcessingInitializeOnLoad (8ms)
				EditorAssembliesLoaded (0ms)
			ExecutionOrderSort2 (0ms)
			AwakeInstancesAfterBackupRestoration (5ms)
Platform modules already initialized, skipping
Refreshing native plugins compatible for Editor in 1.73 ms, found 3 plugins.
Preloading 0 native plugins for Editor in 0.00 ms.
Unloading 3601 Unused Serialized files (Serialized files now loaded: 0)
Unloading 20 unused Assets / (103.2 KB). Loaded Objects now: 4311.
Memory consumption went from 0.54 GB to 0.54 GB.
Total: 2.709100 ms (FindLiveObjects: 0.259200 ms CreateObjectMapping: 0.181700 ms MarkObjects: 2.174700 ms  DeleteObjects: 0.092900 ms)

AssetImportParameters requested are different than current active one (requested -> active):
  custom:video-decoder-ogg-theora: a1e56fd34408186e4bbccfd4996cb3dc -> 
  custom:container-muxer-webm: aa71ff27fc2769a1b78a27578f13a17b -> 
  custom:container-demuxer-webm: 4f35f7cbe854078d1ac9338744f61a02 -> 
  custom:video-encoder-webm-vp8: eb34c28f22e8b96e1ab97ce403110664 -> 
  custom:video-codec-MediaFoundation-h265: 746d11721c4dcdbdad8f713fa42b33f4 -> 
  custom:audio-encoder-webm-vorbis: bf7c407c2cedff20999df2af8eb42d56 -> 
  custom:framework-win-MediaFoundation: 216162199b28c13a410421893ffa2e32 -> 
  custom:container-demuxer-ogg: 62fdf1f143b41e24485cea50d1cbac27 -> 
  custom:video-decoder-webm-vp8: 9c59270c3fd7afecdb556c50c9e8de78 -> 
  custom:audio-decoder-ogg-vorbis: bf7c407c2cedff20999df2af8eb42d56 -> 
